<?xml version="1.0" encoding="utf-8"?><testsuites name="pytest tests"><testsuite name="pytest" errors="12" failures="91" skipped="0" tests="3436" time="484.357" timestamp="2026-08-13T22:35:39.131205-04:00" hostname="MSI"><testcase classname="" name="tests.test_research_prime" time="0.000"><error message="collection failure">ImportError while importing test module 'C:\Users\AA Incorporado\cc-2026-08-13b-wt\tests\test_research_prime.py'.
Hint: make sure your test modules/packages have valid Python names.
Traceback:
..\AppData\Roaming\uv\python\cpython-3.12-windows-x86_64-none\Lib\importlib\__init__.py:90: in import_module
    return _bootstrap._gcd_import(name[level:], package, level)
           ^^^^^^^^^^^^^^^^^^^^^^^^^^^^^^^^^^^^^^^^^^^^^^^^^^^^
tests\test_research_prime.py:24: in &lt;module&gt;
    from tests.test_research_engagement_e2e import (
E   ImportError: cannot import name 'FakeMacroExpert' from 'tests.test_research_engagement_e2e' (C:\Users\AA Incorporado\cc-2026-08-13b-wt\tests\test_research_engagement_e2e.py)</error></testcase><testcase classname="" name="tests.test_research_trade_confirmation_consult" time="0.000"><error message="collection failure">ImportError while importing test module 'C:\Users\AA Incorporado\cc-2026-08-13b-wt\tests\test_research_trade_confirmation_consult.py'.
Hint: make sure your test modules/packages have valid Python names.
Traceback:
..\AppData\Roaming\uv\python\cpython-3.12-windows-x86_64-none\Lib\importlib\__init__.py:90: in import_module
    return _bootstrap._gcd_import(name[level:], package, level)
           ^^^^^^^^^^^^^^^^^^^^^^^^^^^^^^^^^^^^^^^^^^^^^^^^^^^^
tests\test_research_trade_confirmation_consult.py:31: in &lt;module&gt;
    from tests.test_research_engagement_e2e import (
E   ImportError: cannot import name 'FakeMacroExpert' from 'tests.test_research_engagement_e2e' (C:\Users\AA Incorporado\cc-2026-08-13b-wt\tests\test_research_engagement_e2e.py)</error></testcase><testcase classname="" name="tests.test_webhook_research_consult_integration" time="0.000"><error message="collection failure">ImportError while importing test module 'C:\Users\AA Incorporado\cc-2026-08-13b-wt\tests\test_webhook_research_consult_integration.py'.
Hint: make sure your test modules/packages have valid Python names.
Traceback:
..\AppData\Roaming\uv\python\cpython-3.12-windows-x86_64-none\Lib\importlib\__init__.py:90: in import_module
    return _bootstrap._gcd_import(name[level:], package, level)
           ^^^^^^^^^^^^^^^^^^^^^^^^^^^^^^^^^^^^^^^^^^^^^^^^^^^^
tests\test_webhook_research_consult_integration.py:44: in &lt;module&gt;
    from tests.test_research_engagement_e2e import (
E   ImportError: cannot import name 'FakeMacroExpert' from 'tests.test_research_engagement_e2e' (C:\Users\AA Incorporado\cc-2026-08-13b-wt\tests\test_research_engagement_e2e.py)</error></testcase><testcase classname="tests.pmcc_regression.test_baseline" name="test_total_counts" time="0.004" /><testcase classname="tests.pmcc_regression.test_baseline" name="test_close_without_recover_b4" time="0.003" /><testcase classname="tests.pmcc_regression.test_baseline" name="test_b4_subtypes_partition_the_51" time="0.002" /><testcase classname="tests.pmcc_regression.test_baseline" name="test_b4_naked_short_is_zero_and_must_stay_zero" time="0.002" /><testcase classname="tests.pmcc_regression.test_baseline" name="test_hold_overridden_b1" time="0.002" /><testcase classname="tests.pmcc_regression.test_baseline" name="test_same_expiry_roll_b7" time="0.002" /><testcase classname="tests.pmcc_regression.test_baseline" name="test_net_debit_roll_b2" time="0.002" /><testcase classname="tests.pmcc_regression.test_baseline" name="test_cost_ignorant_leap_roll_b3" time="0.002" /><testcase classname="tests.pmcc_regression.test_baseline" name="test_holiday_scan_b11" time="0.002" /><testcase classname="tests.pmcc_regression.test_baseline" name="test_short_delta_ge_040_b5" time="0.002" /><testcase classname="tests.pmcc_regression.test_baseline" name="test_itm_target_strike_bypass_has_no_historical_baseline" time="0.002" /><testcase classname="tests.pmcc_regression.test_baseline" name="test_roll_aborted_is_a_post_fix_monitored_metric" time="0.002" /><testcase classname="tests.pmcc_regression.test_baseline" name="test_override_field_suppresses_hold_and_debit_detectors" time="0.000" /><testcase classname="tests.pmcc_regression.test_baseline" name="test_from_legs_normalizes_code_output_for_phase1" time="0.000" /><testcase classname="tests.pmcc_regression.test_baseline" name="test_same_expiry_roll_detector_and_b7_acceptance" time="0.000" /><testcase classname="tests.test_approvals_routes" name="test_approvals_index_empty_state" time="0.491" /><testcase classname="tests.test_approvals_routes" name="test_approvals_index_registry_unavailable" time="0.464" /><testcase classname="tests.test_approvals_routes" name="test_approvals_index_populated" time="0.467" /><testcase classname="tests.test_approvals_routes" name="test_approval_detail_not_found_returns_404" time="0.577" /><testcase classname="tests.test_approvals_routes" name="test_approval_detail_renders_structured_view" time="0.489" /><testcase classname="tests.test_approvals_routes" name="test_approval_detail_404_when_no_registry" time="0.477" /><testcase classname="tests.test_approvals_routes" name="test_decide_approve_resolves_registry" time="0.458" /><testcase classname="tests.test_approvals_routes" name="test_decide_reject_resolves_registry" time="0.448" /><testcase classname="tests.test_approvals_routes" name="test_decide_409_when_already_resolved" time="0.493" /><testcase classname="tests.test_approvals_routes" name="test_decide_400_on_invalid_decision" time="0.445" /><testcase classname="tests.test_approvals_routes" name="test_decide_400_on_unknown_decision" time="0.449" /><testcase classname="tests.test_approvals_routes" name="test_decide_404_when_no_registry" time="0.453" /><testcase classname="tests.test_approvals_routes" name="test_decide_accepts_json_body" time="0.457" /><testcase classname="tests.test_approvals_routes" name="test_decide_modify_with_new_qty_resolves_registry" time="0.491" /><testcase classname="tests.test_approvals_routes" name="test_decide_modify_missing_both_fields_400" time="0.546" /><testcase classname="tests.test_approvals_routes" name="test_decide_modify_zero_qty_400" time="0.476" /><testcase classname="tests.test_approvals_routes" name="test_decide_modify_negative_qty_400" time="0.491" /><testcase classname="tests.test_approvals_routes" name="test_decide_modify_non_numeric_qty_400" time="0.497" /><testcase classname="tests.test_approvals_routes" name="test_decide_modify_via_json" time="0.496" /><testcase classname="tests.test_approvals_routes" name="test_index_coalesces_paired_entries_into_one_row" time="0.559" /><testcase classname="tests.test_approvals_routes" name="test_paired_detail_renders_both_legs_and_net" time="0.503" /><testcase classname="tests.test_approvals_routes" name="test_paired_decide_also_resolves_sibling" time="0.556" /><testcase classname="tests.test_approvals_routes" name="test_paired_decide_without_flag_only_resolves_one_leg" time="0.453" /><testcase classname="tests.test_approvals_routes" name="test_decide_modify_with_new_limit_price_only" time="0.473" /><testcase classname="tests.test_approvals_routes" name="test_decide_modify_with_both_new_qty_and_new_limit" time="0.487" /><testcase classname="tests.test_approvals_routes" name="test_decide_modify_neither_field_400" time="0.441" /><testcase classname="tests.test_approvals_routes" name="test_decide_modify_zero_new_limit_400" time="0.479" /><testcase classname="tests.test_approvals_routes" name="test_decide_modify_non_numeric_new_limit_400" time="0.465" /><testcase classname="tests.test_approvals_routes" name="test_decide_modify_via_json_with_new_limit_price" time="0.539" /><testcase classname="tests.test_approvals_routes" name="test_detail_template_renders_quick_modify_buttons" time="0.501" /><testcase classname="tests.test_approvals_routes" name="test_detail_template_disables_limit_buttons_when_no_price" time="0.487" /><testcase classname="tests.test_audit_event_actor_kind_index" name="test_actor_kind_index_created_and_ts_index_preserved" time="0.448" /><testcase classname="tests.test_audit_event_actor_kind_index" name="test_init_db_idempotent" time="0.428" /><testcase classname="tests.test_audit_event_actor_kind_index" name="test_hot_path_queries_use_the_index" time="0.455" /><testcase classname="tests.test_audit_reality_reconciler" name="test_reconciler_calls_fetcher_with_1m_timeframe" time="0.447" /><testcase classname="tests.test_audit_reality_reconciler" name="test_reconciler_resolves_fast_partial_win_as_win" time="0.410" /><testcase classname="tests.test_audit_reality_reconciler" name="test_reconciler_resolves_tight_window_trade_via_forward_fetch" time="0.427" /><testcase classname="tests.test_audit_reality_reconciler" name="test_discrepancy_string_uses_sim_filled_legs" time="0.413" /><testcase classname="tests.test_audit_reality_reconciler" name="test_reconcile_one_no_bars_must_not_declare_match" time="0.485" /><testcase classname="tests.test_audit_reality_reconciler" name="test_persist_summary_no_bars_row_prevents_match_status" time="0.425" /><testcase classname="tests.test_backtest_polymarket_arbitrage" name="test_buy_yes_resolves_yes" time="0.000" /><testcase classname="tests.test_backtest_polymarket_arbitrage" name="test_buy_yes_resolves_no" time="0.000" /><testcase classname="tests.test_backtest_polymarket_arbitrage" name="test_buy_no_resolves_no" time="0.000" /><testcase classname="tests.test_backtest_polymarket_arbitrage" name="test_buy_no_resolves_yes" time="0.000" /><testcase classname="tests.test_backtest_polymarket_arbitrage" name="test_pnl_skips_pending_market" time="0.000" /><testcase classname="tests.test_backtest_polymarket_arbitrage" name="test_pnl_skips_void_market" time="0.000" /><testcase classname="tests.test_backtest_polymarket_arbitrage" name="test_pnl_skips_zero_qty" time="0.000" /><testcase classname="tests.test_backtest_polymarket_arbitrage" name="test_pnl_skips_zero_or_invalid_price" time="0.000" /><testcase classname="tests.test_backtest_polymarket_arbitrage" name="test_pnl_skips_unknown_outcome" time="0.000" /><testcase classname="tests.test_backtest_polymarket_arbitrage" name="test_aggregate_empty" time="0.000" /><testcase classname="tests.test_backtest_polymarket_arbitrage" name="test_aggregate_basic" time="0.002" /><testcase classname="tests.test_backtest_polymarket_arbitrage" name="test_aggregate_per_category" time="0.000" /><testcase classname="tests.test_backtest_polymarket_arbitrage" name="test_max_drawdown_consecutive_losses" time="0.000" /><testcase classname="tests.test_backtest_polymarket_arbitrage" name="test_max_drawdown_no_drawdown_when_monotone_up" time="0.000" /><testcase classname="tests.test_backtest_polymarket_arbitrage" name="test_recommend_insufficient_data" time="0.000" /><testcase classname="tests.test_backtest_polymarket_arbitrage" name="test_recommend_approval" time="0.000" /><testcase classname="tests.test_backtest_polymarket_arbitrage" name="test_recommend_rejection_low_hit" time="0.000" /><testcase classname="tests.test_backtest_polymarket_arbitrage" name="test_recommend_rejection_negative_pnl" time="0.000" /><testcase classname="tests.test_backtest_polymarket_arbitrage" name="test_recommend_mixed" time="0.000" /><testcase classname="tests.test_bitunix_b2_maker_execution" name="test_maker_clone_buy_is_post_only_limit_below_ref" time="0.001" /><testcase classname="tests.test_bitunix_b2_maker_execution" name="test_maker_clone_sell_is_above_ref" time="0.000" /><testcase classname="tests.test_bitunix_b2_maker_execution" name="test_maker_clone_no_reference_returns_none" time="0.000" /><testcase classname="tests.test_bitunix_b2_maker_execution" name="test_taker_clone_is_market_with_distinct_suffix" time="0.000" /><testcase classname="tests.test_bitunix_b2_maker_execution" name="test_maker_body_is_limit_post_only_with_b1_stop_unchanged" time="0.000" /><testcase classname="tests.test_bitunix_b2_maker_execution" name="test_maker_fills_single_place_at_maker_fee" time="0.029" /><testcase classname="tests.test_bitunix_b2_maker_execution" name="test_nonfill_crosses_to_taker" time="0.001" /><testcase classname="tests.test_bitunix_b2_maker_execution" name="test_post_only_rejection_crosses_to_taker" time="0.024" /><testcase classname="tests.test_bitunix_b2_maker_execution" name="test_cancel_failed_does_not_cross_to_taker" time="0.001" /><testcase classname="tests.test_bitunix_b2_maker_execution" name="test_abandon_mode_raises_explicit_not_silent" time="0.013" /><testcase classname="tests.test_bitunix_b2_maker_execution" name="test_flag_off_is_plain_taker_market_entry" time="0.002" /><testcase classname="tests.test_bitunix_b2_maker_execution" name="test_feeconfig_maker_defaults_off" time="0.000" /><testcase classname="tests.test_bitunix_b2_maker_execution" name="test_feeconfig_parses_maker_block" time="0.000" /><testcase classname="tests.test_bitunix_bracket_minleg_fullprofit" name="test_min_leg_is_0001" time="0.000" /><testcase classname="tests.test_bitunix_bracket_minleg_fullprofit" name="test_three_legs_at_4x_min" time="0.000" /><testcase classname="tests.test_bitunix_bracket_minleg_fullprofit" name="test_two_legs_between_2x_and_4x_min" time="0.000" /><testcase classname="tests.test_bitunix_bracket_minleg_fullprofit" name="test_one_leg_rests_at_full_profit_tp3_for_futures" time="0.000" /><testcase classname="tests.test_bitunix_bracket_minleg_fullprofit" name="test_one_leg_sfp_single_tp1_unchanged" time="0.000" /><testcase classname="tests.test_bitunix_bracket_minleg_fullprofit" name="test_full_profit_prefers_tp3_then_tp2_then_tp1" time="0.000" /><testcase classname="tests.test_bitunix_bracket_minleg_fullprofit" name="test_sub_min_position_is_sl_only" time="0.000" /><testcase classname="tests.test_bitunix_bracket_minleg_fullprofit" name="test_current_live_position_size_now_gets_two_legs" time="0.000" /><testcase classname="tests.test_bitunix_bracket_minleg_fullprofit" name="test_threshold_boundaries[0.0001-1]" time="0.000" /><testcase classname="tests.test_bitunix_bracket_minleg_fullprofit" name="test_threshold_boundaries[0.00019-1]" time="0.000" /><testcase classname="tests.test_bitunix_bracket_minleg_fullprofit" name="test_threshold_boundaries[0.0002-2]" time="0.000" /><testcase classname="tests.test_bitunix_bracket_minleg_fullprofit" name="test_threshold_boundaries[0.00039-2]" time="0.000" /><testcase classname="tests.test_bitunix_bracket_minleg_fullprofit" name="test_threshold_boundaries[0.0004-3]" time="0.000" /><testcase classname="tests.test_bitunix_bracket_minleg_fullprofit" name="test_qty_conservation_across_sizes" time="0.000" /><testcase classname="tests.test_bitunix_breaker_abstain_partial_equity" name="test_snapshot_all_coins_ok_is_complete" time="0.003" /><testcase classname="tests.test_bitunix_breaker_abstain_partial_equity" name="test_snapshot_coin_10006_is_incomplete_and_underreports" time="0.003" /><testcase classname="tests.test_bitunix_breaker_abstain_partial_equity" name="test_snapshot_position_error_does_not_mark_equity_incomplete" time="0.012" /><testcase classname="tests.test_bitunix_breaker_abstain_partial_equity" name="test_stub_snapshot_is_complete" time="0.001" /><testcase classname="tests.test_bitunix_breaker_abstain_partial_equity" name="test_abstain_false_on_complete_read" time="0.445" /><testcase classname="tests.test_bitunix_breaker_abstain_partial_equity" name="test_abstain_true_on_incomplete_read_and_emits_audit" time="0.415" /><testcase classname="tests.test_bitunix_breaker_abstain_partial_equity" name="test_abstain_missing_field_defaults_to_proceed" time="0.420" /><testcase classname="tests.test_bitunix_breaker_abstain_partial_equity" name="test_abstain_bug_case_phantom_99pct" time="0.445" /><testcase classname="tests.test_bitunix_breaker_abstain_partial_equity" name="test_abstain_does_not_ratchet_the_peak" time="0.456" /><testcase classname="tests.test_bitunix_breaker_abstain_partial_equity" name="test_complete_read_real_drawdown_still_flattens" time="0.474" /><testcase classname="tests.test_bitunix_breaker_abstain_partial_equity" name="test_complete_read_healthy_equity_no_action" time="0.459" /><testcase classname="tests.test_bitunix_broker_get_pending_positions" name="test_returns_list_of_positions_from_endpoint" time="0.002" /><testcase classname="tests.test_bitunix_broker_get_pending_positions" name="test_short_positions_render_with_negative_qty" time="0.002" /><testcase classname="tests.test_bitunix_broker_get_pending_positions" name="test_zero_qty_positions_filtered_out" time="0.001" /><testcase classname="tests.test_bitunix_broker_get_pending_positions" name="test_empty_response_returns_empty_list" time="0.002" /><testcase classname="tests.test_bitunix_broker_get_pending_positions" name="test_none_response_returns_empty_list" time="0.002" /><testcase classname="tests.test_bitunix_broker_get_pending_positions" name="test_stub_mode_returns_empty_list" time="0.001" /><testcase classname="tests.test_bitunix_broker_get_pending_positions" name="test_missing_creds_returns_empty_list" time="0.001" /><testcase classname="tests.test_bitunix_broker_get_pending_positions" name="test_request_exception_returns_empty_list" time="0.002" /><testcase classname="tests.test_bitunix_broker_get_pending_positions" name="test_does_not_call_account_balance_endpoints" time="0.002" /><testcase classname="tests.test_bitunix_broker_write" name="test_symbol_to_wire" time="0.000" /><testcase classname="tests.test_bitunix_broker_write" name="test_symbol_to_internal" time="0.000" /><testcase classname="tests.test_bitunix_broker_write" name="test_symbol_roundtrip" time="0.000" /><testcase classname="tests.test_bitunix_broker_write" name="test_symbol_unknown_internal_raises" time="0.000" /><testcase classname="tests.test_bitunix_broker_write" name="test_symbol_unknown_wire_raises" time="0.000" /><testcase classname="tests.test_bitunix_broker_write" name="test_classify_known_codes" time="0.000" /><testcase classname="tests.test_bitunix_broker_write" name="test_classify_unknown_code" time="0.000" /><testcase classname="tests.test_bitunix_broker_write" name="test_api_error_retryable_flag" time="0.000" /><testcase classname="tests.test_bitunix_broker_write" name="test_request_raises_on_nonzero_code" time="0.002" /><testcase classname="tests.test_bitunix_broker_write" name="test_sign_what_you_send_post_body" time="0.002" /><testcase classname="tests.test_bitunix_broker_write" name="test_place_entry_payload_and_fill" time="0.002" /><testcase classname="tests.test_bitunix_broker_write" name="test_place_entry_sets_mode_and_leverage_when_flat" time="0.002" /><testcase classname="tests.test_bitunix_broker_write" name="test_clientid_is_deterministic" time="0.001" /><testcase classname="tests.test_bitunix_broker_write" name="test_entry_body_attaches_server_side_stop" time="0.001" /><testcase classname="tests.test_bitunix_broker_write" name="test_entry_without_stop_has_no_sl_fields" time="0.000" /><testcase classname="tests.test_bitunix_broker_write" name="test_entry_nonpositive_or_invalid_stop_has_no_sl" time="0.000" /><testcase classname="tests.test_bitunix_broker_write" name="test_exit_never_attaches_stop" time="0.000" /><testcase classname="tests.test_bitunix_broker_write" name="test_place_entry_with_stop_sends_sl_on_the_wire" time="0.002" /><testcase classname="tests.test_bitunix_broker_write" name="test_place_exit_reduce_only_payload" time="0.002" /><testcase classname="tests.test_bitunix_broker_write" name="test_mismatch_open_position_hedge_refuses" time="0.002" /><testcase classname="tests.test_bitunix_broker_write" name="test_mismatch_flat_set_returns_hedge_refuses" time="0.001" /><testcase classname="tests.test_bitunix_broker_write" name="test_halt_latch_blocks_subsequent_orders" time="0.002" /><testcase classname="tests.test_bitunix_broker_write" name="test_duplicate_clientid_treated_as_success" time="0.002" /><testcase classname="tests.test_bitunix_broker_write" name="test_nonidempotent_error_propagates" time="0.012" /><testcase classname="tests.test_bitunix_broker_write" name="test_partial_fill_status_and_qty" time="0.014" /><testcase classname="tests.test_bitunix_broker_write" name="test_cancel_order_success" time="0.016" /><testcase classname="tests.test_bitunix_broker_write" name="test_cancel_order_not_in_successlist_returns_false" time="0.002" /><testcase classname="tests.test_bitunix_broker_write" name="test_cancel_order_swallows_api_error" time="0.001" /><testcase classname="tests.test_bitunix_broker_write" name="test_cancel_all_orders_body_symbol" time="0.001" /><testcase classname="tests.test_bitunix_broker_write" name="test_cancel_all_orders_account_wide" time="0.001" /><testcase classname="tests.test_bitunix_broker_write" name="test_flash_close_position_body" time="0.001" /><testcase classname="tests.test_bitunix_broker_write" name="test_close_all_position_body" time="0.001" /><testcase classname="tests.test_bitunix_broker_write" name="test_flatten_halts_and_flattens" time="0.001" /><testcase classname="tests.test_bitunix_broker_write" name="test_leverage_cached_after_first_set" time="0.001" /><testcase classname="tests.test_bitunix_broker_write" name="test_leverage_20006_does_not_raise" time="0.001" /><testcase classname="tests.test_bitunix_broker_write" name="test_stub_place_order_raises" time="0.001" /><testcase classname="tests.test_bitunix_broker_write" name="test_stub_cancel_order_returns_false" time="0.001" /><testcase classname="tests.test_bitunix_confluence_gate" name="test_ema_alignment_buy_passes_when_stacked_up_with_positive_slope" time="0.000" /><testcase classname="tests.test_bitunix_confluence_gate" name="test_ema_alignment_buy_fails_when_emas_misaligned" time="0.000" /><testcase classname="tests.test_bitunix_confluence_gate" name="test_ema_alignment_buy_fails_when_slope_negative_even_if_stacked" time="0.000" /><testcase classname="tests.test_bitunix_confluence_gate" name="test_ema_alignment_sell_passes_when_stacked_down_with_negative_slope" time="0.000" /><testcase classname="tests.test_bitunix_confluence_gate" name="test_ema_alignment_missing_inputs_fail_closed" time="0.000" /><testcase classname="tests.test_bitunix_confluence_gate" name="test_factor_ema_alignment_requires_all_three_slopes_long" time="0.000" /><testcase classname="tests.test_bitunix_confluence_gate" name="test_factor_ema_alignment_requires_all_three_slopes_short" time="0.000" /><testcase classname="tests.test_bitunix_confluence_gate" name="test_factor_ema_alignment_passes_when_all_three_slopes_aligned" time="0.000" /><testcase classname="tests.test_bitunix_confluence_gate" name="test_vwap_buy_passes_above_both_vwaps" time="0.000" /><testcase classname="tests.test_bitunix_confluence_gate" name="test_vwap_buy_fails_when_below_session_vwap" time="0.000" /><testcase classname="tests.test_bitunix_confluence_gate" name="test_vwap_buy_fails_when_below_prior_day_vwap_even_if_above_session" time="0.000" /><testcase classname="tests.test_bitunix_confluence_gate" name="test_vwap_sell_passes_below_both_vwaps" time="0.000" /><testcase classname="tests.test_bitunix_confluence_gate" name="test_vwap_missing_prior_day_vwap_fails_closed" time="0.000" /><testcase classname="tests.test_bitunix_confluence_gate" name="test_volatility_passes_when_atr_above_sma_and_bb_above_min_pct" time="0.000" /><testcase classname="tests.test_bitunix_confluence_gate" name="test_volatility_fails_when_atr_below_sma" time="0.000" /><testcase classname="tests.test_bitunix_confluence_gate" name="test_volatility_fails_when_bb_in_bottom_decile" time="0.000" /><testcase classname="tests.test_bitunix_confluence_gate" name="test_volatility_is_symmetric_across_sides" time="0.000" /><testcase classname="tests.test_bitunix_confluence_gate" name="test_volatility_missing_inputs_fail_closed" time="0.000" /><testcase classname="tests.test_bitunix_confluence_gate" name="test_cvd_buy_passes_when_slope_positive" time="0.000" /><testcase classname="tests.test_bitunix_confluence_gate" name="test_cvd_buy_fails_when_slope_negative" time="0.000" /><testcase classname="tests.test_bitunix_confluence_gate" name="test_cvd_sell_passes_when_slope_negative" time="0.000" /><testcase classname="tests.test_bitunix_confluence_gate" name="test_cvd_fallback_flag_surfaces_in_detail" time="0.000" /><testcase classname="tests.test_bitunix_confluence_gate" name="test_cvd_missing_slope_fails_closed" time="0.000" /><testcase classname="tests.test_bitunix_confluence_gate" name="test_volume_z_passes_at_threshold" time="0.000" /><testcase classname="tests.test_bitunix_confluence_gate" name="test_volume_z_fails_below_min" time="0.000" /><testcase classname="tests.test_bitunix_confluence_gate" name="test_volume_z_missing_fails_closed" time="0.000" /><testcase classname="tests.test_bitunix_confluence_gate" name="test_threshold_score_5_passes" time="0.000" /><testcase classname="tests.test_bitunix_confluence_gate" name="test_threshold_score_3_passes_at_boundary" time="0.000" /><testcase classname="tests.test_bitunix_confluence_gate" name="test_threshold_score_2_rejects_below_boundary" time="0.000" /><testcase classname="tests.test_bitunix_confluence_gate" name="test_threshold_score_0_rejects" time="0.000" /><testcase classname="tests.test_bitunix_confluence_gate" name="test_min_gate_score_tunable" time="0.000" /><testcase classname="tests.test_bitunix_confluence_gate" name="test_gate_disabled_returns_disabled" time="0.000" /><testcase classname="tests.test_bitunix_confluence_gate" name="test_unknown_side_rejects" time="0.000" /><testcase classname="tests.test_bitunix_confluence_gate" name="test_empty_side_rejects" time="0.000" /><testcase classname="tests.test_bitunix_confluence_gate" name="test_gate_result_surfaces_cvd_fallback_flag" time="0.000" /><testcase classname="tests.test_bitunix_confluence_gate" name="test_gate_result_cvd_fallback_flag_propagates_when_disabled" time="0.000" /><testcase classname="tests.test_bitunix_confluence_gate" name="test_from_dict_happy_path_parses_full_block" time="0.000" /><testcase classname="tests.test_bitunix_confluence_gate" name="test_from_dict_missing_block_returns_disabled_defaults" time="0.000" /><testcase classname="tests.test_bitunix_confluence_gate" name="test_from_dict_none_input_returns_defaults" time="0.000" /><testcase classname="tests.test_bitunix_confluence_gate" name="test_from_dict_unknown_top_key_warns" time="0.001" /><testcase classname="tests.test_bitunix_confluence_gate" name="test_from_dict_unknown_subblock_key_warns" time="0.001" /><testcase classname="tests.test_bitunix_confluence_gate" name="test_factor_results_in_deterministic_order" time="0.001" /><testcase classname="tests.test_bitunix_confluence_pr3" name="test_default_score_timeframes_none_allows_all_tfs" time="0.001" /><testcase classname="tests.test_bitunix_confluence_pr3" name="test_score_timeframes_filter_drops_alerts_outside_set" time="0.001" /><testcase classname="tests.test_bitunix_confluence_pr3" name="test_score_timeframes_set_drops_legacy_alerts_without_tf" time="0.001" /><testcase classname="tests.test_bitunix_confluence_pr3" name="test_per_tf_ttl_override_wins_over_factor_ttl" time="0.001" /><testcase classname="tests.test_bitunix_confluence_pr3" name="test_per_tf_ttl_falls_back_to_factor_ttl_when_unset" time="0.000" /><testcase classname="tests.test_bitunix_confluence_pr3" name="test_per_tf_ttl_zero_means_no_expiry" time="0.000" /><testcase classname="tests.test_bitunix_confluence_pr3" name="test_pa_factors_default_in_score_preserves_legacy_behavior" time="0.000" /><testcase classname="tests.test_bitunix_confluence_pr3" name="test_pa_factors_excluded_when_flag_false" time="0.000" /><testcase classname="tests.test_bitunix_confluence_pr3" name="test_guards_default_apply_to_score" time="0.000" /><testcase classname="tests.test_bitunix_confluence_pr3" name="test_guards_excluded_when_flag_false" time="0.000" /><testcase classname="tests.test_bitunix_confluence_pr3" name="test_from_dict_parses_new_pr3a_keys" time="0.000" /><testcase classname="tests.test_bitunix_confluence_pr3" name="test_from_dict_omitting_new_keys_preserves_legacy_defaults" time="0.000" /><testcase classname="tests.test_bitunix_drawdown_flatten" name="test_first_eval_initializes_peak_to_current" time="0.493" /><testcase classname="tests.test_bitunix_drawdown_flatten" name="test_peak_ratchets_up_only" time="0.504" /><testcase classname="tests.test_bitunix_drawdown_flatten" name="test_peak_survives_restart" time="0.529" /><testcase classname="tests.test_bitunix_drawdown_flatten" name="test_read_failure_falls_back_to_current" time="0.448" /><testcase classname="tests.test_bitunix_drawdown_flatten" name="test_tracked_peak_yields_real_drawdown_and_flatten" time="0.434" /><testcase classname="tests.test_bitunix_drawdown_flatten" name="test_drawdown_boundary[85500.0-False]" time="0.442" /><testcase classname="tests.test_bitunix_drawdown_flatten" name="test_drawdown_boundary[85000.0-True]" time="0.455" /><testcase classname="tests.test_bitunix_drawdown_flatten" name="test_drawdown_boundary[84000.0-True]" time="0.437" /><testcase classname="tests.test_bitunix_exception_class_identity" name="test_bitunix_and_bitunix_exceptions_export_same_class_object" time="0.001" /><testcase classname="tests.test_bitunix_exception_class_identity" name="test_except_clause_catches_raise_across_both_import_paths" time="0.001" /><testcase classname="tests.test_bitunix_exception_class_identity" name="test_isinstance_works_across_both_import_paths" time="0.001" /><testcase classname="tests.test_bitunix_exception_class_identity" name="test_inheritance_chain_unchanged_runtimeerror" time="0.001" /><testcase classname="tests.test_bitunix_exception_class_identity" name="test_constructor_signature_current_required_expected_default" time="0.001" /><testcase classname="tests.test_bitunix_exception_class_identity" name="test_canonical_module_does_not_re_import_from_broker" time="0.001" /><testcase classname="tests.test_bitunix_futures_observer" name="test_tier_classification_matrix_default[bull-bull-bull-bull-PREMIUM]" time="0.001" /><testcase classname="tests.test_bitunix_futures_observer" name="test_tier_classification_matrix_default[bear-bear-bear-bear-PREMIUM]" time="0.001" /><testcase classname="tests.test_bitunix_futures_observer" name="test_tier_classification_matrix_default[bull-bull-neutral-bull-STANDARD]" time="0.001" /><testcase classname="tests.test_bitunix_futures_observer" name="test_tier_classification_matrix_default[bear-bear-neutral-bear-STANDARD]" time="0.001" /><testcase classname="tests.test_bitunix_futures_observer" name="test_tier_classification_matrix_default[bull-bull-bull-neutral-WEAK]" time="0.003" /><testcase classname="tests.test_bitunix_futures_observer" name="test_tier_classification_matrix_default[bull-bull-bull-bear-WEAK]" time="0.001" /><testcase classname="tests.test_bitunix_futures_observer" name="test_tier_classification_matrix_default[bull-bull-neutral-neutral-SKIP]" time="0.001" /><testcase classname="tests.test_bitunix_futures_observer" name="test_tier_classification_matrix_default[bull-bear-bull-bull-SKIP]" time="0.001" /><testcase classname="tests.test_bitunix_futures_observer" name="test_tier_classification_matrix_default[bull-bull-bear-bull-SKIP]" time="0.001" /><testcase classname="tests.test_bitunix_futures_observer" name="test_tier_classification_matrix_default[bull-bear-bear-bull-SKIP]" time="0.001" /><testcase classname="tests.test_bitunix_futures_observer" name="test_tier_classification_matrix_default[bull-neutral-neutral-neutral-SKIP]" time="0.001" /><testcase classname="tests.test_bitunix_futures_observer" name="test_tier_classification_matrix_default[bull-neutral-bull-bull-SKIP]" time="0.001" /><testcase classname="tests.test_bitunix_futures_observer" name="test_tier_classification_with_counter_enabled[bull-bear-bull-bull-COUNTER]" time="0.001" /><testcase classname="tests.test_bitunix_futures_observer" name="test_tier_classification_with_counter_enabled[bear-bull-bear-bear-COUNTER]" time="0.001" /><testcase classname="tests.test_bitunix_futures_observer" name="test_tier_classification_with_counter_enabled[bull-bear-bull-neutral-SKIP]" time="0.001" /><testcase classname="tests.test_bitunix_futures_observer" name="test_tier_classification_with_counter_enabled[bull-bull-bull-bull-PREMIUM]" time="0.001" /><testcase classname="tests.test_bitunix_futures_observer" name="test_bias_setter_updates_state" time="0.462" /><testcase classname="tests.test_bitunix_futures_observer" name="test_bias_decays_to_neutral_after_4h_window" time="0.452" /><testcase classname="tests.test_bitunix_futures_observer" name="test_bias_decays_to_neutral_after_1d_window" time="0.462" /><testcase classname="tests.test_bitunix_futures_observer" name="test_same_side_signal_refreshes_bias" time="0.474" /><testcase classname="tests.test_bitunix_futures_observer" name="test_opposite_side_signal_takes_more_recent" time="0.473" /><testcase classname="tests.test_bitunix_futures_observer" name="test_cvd_flip_updates_state" time="0.489" /><testcase classname="tests.test_bitunix_futures_observer" name="test_cvd_decays_after_30min" time="0.642" /><testcase classname="tests.test_bitunix_futures_observer" name="test_cvd_opposite_flip_takes_recent" time="0.463" /><testcase classname="tests.test_bitunix_futures_observer" name="test_cypher_4h_bull_updates_bias" time="0.447" /><testcase classname="tests.test_bitunix_futures_observer" name="test_cvd_bull_flip_updates_cvd_state" time="0.440" /><testcase classname="tests.test_bitunix_futures_observer" name="test_otter_trigger_full_ladder_premium" time="0.498" /><testcase classname="tests.test_bitunix_futures_observer" name="test_otter_trigger_skip_when_htf_contradicts" time="0.464" /><testcase classname="tests.test_bitunix_futures_observer" name="test_observe_writes_classification_audit" time="0.469" /><testcase classname="tests.test_bitunix_futures_observer" name="test_observe_skips_unknown_symbol" time="0.418" /><testcase classname="tests.test_bitunix_futures_observer" name="test_observe_swallows_exceptions" time="0.416" /><testcase classname="tests.test_bitunix_futures_observer" name="test_build_proposal_premium_full_size" time="0.000" /><testcase classname="tests.test_bitunix_futures_observer" name="test_build_proposal_short_side" time="0.000" /><testcase classname="tests.test_bitunix_futures_observer" name="test_build_proposal_effective_risk_cap_downsizes" time="0.000" /><testcase classname="tests.test_bitunix_futures_observer" name="test_build_proposal_zero_equity_returns_none" time="0.000" /><testcase classname="tests.test_bitunix_futures_observer" name="test_build_proposal_unknown_tier_returns_none" time="0.000" /><testcase classname="tests.test_bitunix_futures_observer" name="test_build_proposal_rationale_included" time="0.000" /><testcase classname="tests.test_bitunix_futures_observer" name="test_build_proposal_extra_carries_full_metadata" time="0.000" /><testcase classname="tests.test_bitunix_futures_observer" name="test_build_proposal_uses_real_atr_when_supplied" time="0.000" /><testcase classname="tests.test_bitunix_futures_observer" name="test_build_proposal_real_atr_below_floor_uses_floor" time="0.000" /><testcase classname="tests.test_bitunix_futures_observer" name="test_build_proposal_atr_none_falls_back_to_estimate" time="0.000" /><testcase classname="tests.test_bitunix_futures_observer" name="test_daily_risk_starts_zero" time="0.457" /><testcase classname="tests.test_bitunix_futures_observer" name="test_daily_risk_accumulates" time="0.480" /><testcase classname="tests.test_bitunix_futures_observer" name="test_daily_risk_isolated_per_date" time="0.465" /><testcase classname="tests.test_bitunix_futures_observer" name="test_observe_and_decide_premium_places_order" time="0.640" /><testcase classname="tests.test_bitunix_futures_observer" name="test_observe_and_decide_skip_no_order" time="0.503" /><testcase classname="tests.test_bitunix_futures_observer" name="test_observe_and_decide_risk_rejects" time="0.531" /><testcase classname="tests.test_bitunix_futures_observer" name="test_observe_and_decide_flatten_account_dispatches_flatten" time="0.746" /><testcase classname="tests.test_bitunix_futures_observer" name="test_observe_and_decide_daily_kill_blocks" time="0.532" /><testcase classname="tests.test_bitunix_futures_observer" name="test_observe_and_decide_records_daily_risk_on_placement" time="0.587" /><testcase classname="tests.test_bitunix_futures_observer" name="test_observe_and_decide_writes_paper_trade_record" time="0.600" /><testcase classname="tests.test_bitunix_futures_observer" name="test_observe_and_decide_passes_atr_from_bar_cache" time="0.581" /><testcase classname="tests.test_bitunix_futures_observer" name="test_observe_and_decide_handles_bar_cache_error" time="0.759" /><testcase classname="tests.test_bitunix_futures_observer" name="test_place_bracket_exits_sizes_legs_off_real_fill_qty_fix3" time="0.443" /><testcase classname="tests.test_bitunix_futures_observer" name="test_place_bracket_exits_folds_rejected_leg_forward_fix1" time="0.445" /><testcase classname="tests.test_bitunix_futures_observer" name="test_place_bracket_exits_last_leg_gap_alerts_loudly_fix1" time="0.448" /><testcase classname="tests.test_bitunix_htf_context" name="test_snapshot_with_all_caches_filled_returns_all_three_tfs" time="0.001" /><testcase classname="tests.test_bitunix_htf_context" name="test_snapshot_drops_stale_cache_to_none" time="0.001" /><testcase classname="tests.test_bitunix_htf_context" name="test_snapshot_with_all_caches_empty_returns_all_none_bars" time="0.001" /><testcase classname="tests.test_bitunix_htf_context" name="test_snapshot_current_price_defaults_to_h1_latest_close" time="0.001" /><testcase classname="tests.test_bitunix_htf_context" name="test_snapshot_current_price_explicit_override" time="0.002" /><testcase classname="tests.test_bitunix_htf_context" name="test_snapshot_prior_day_high_low_from_d1_last_bar" time="0.001" /><testcase classname="tests.test_bitunix_htf_context" name="test_refresh_funding_rate_caches_value" time="0.001" /><testcase classname="tests.test_bitunix_htf_context" name="test_refresh_funding_rate_keeps_last_value_on_failure" time="0.001" /><testcase classname="tests.test_bitunix_htf_context" name="test_funding_rate_dropped_to_none_when_stale" time="0.001" /><testcase classname="tests.test_bitunix_htf_context" name="test_regime_snapshot_end_to_end_with_filled_caches" time="0.003" /><testcase classname="tests.test_bitunix_htf_context" name="test_regime_snapshot_safe_mode_when_all_caches_empty" time="0.001" /><testcase classname="tests.test_bitunix_htf_context" name="test_regime_snapshot_handles_partial_data" time="0.002" /><testcase classname="tests.test_bitunix_htf_context" name="test_build_bitunix_htf_view_returns_none_when_provider_missing" time="0.000" /><testcase classname="tests.test_bitunix_htf_context" name="test_build_bitunix_htf_view_shape" time="0.003" /><testcase classname="tests.test_bitunix_htf_regime" name="test_htf_regime_config_from_dict_absent_returns_defaults" time="0.000" /><testcase classname="tests.test_bitunix_htf_regime" name="test_htf_regime_config_from_dict_present_defaults_enabled_true" time="0.000" /><testcase classname="tests.test_bitunix_htf_regime" name="test_htf_regime_config_from_dict_explicit_enabled_false" time="0.000" /><testcase classname="tests.test_bitunix_htf_regime" name="test_htf_regime_config_from_dict_dict_field_merge" time="0.000" /><testcase classname="tests.test_bitunix_htf_regime" name="test_htf_regime_config_from_dict_tuple_field_coerced" time="0.000" /><testcase classname="tests.test_bitunix_htf_regime" name="test_ema_returns_none_when_insufficient" time="0.000" /><testcase classname="tests.test_bitunix_htf_regime" name="test_ema_constant_series_equals_constant" time="0.000" /><testcase classname="tests.test_bitunix_htf_regime" name="test_ema_period_zero_returns_none" time="0.000" /><testcase classname="tests.test_bitunix_htf_regime" name="test_ema_increasing_series_is_below_latest_value" time="0.000" /><testcase classname="tests.test_bitunix_htf_regime" name="test_adx_returns_none_when_insufficient" time="0.000" /><testcase classname="tests.test_bitunix_htf_regime" name="test_adx_high_on_strong_uptrend" time="0.001" /><testcase classname="tests.test_bitunix_htf_regime" name="test_adx_low_on_ranging_market" time="0.000" /><testcase classname="tests.test_bitunix_htf_regime" name="test_macd_returns_none_when_insufficient" time="0.000" /><testcase classname="tests.test_bitunix_htf_regime" name="test_macd_positive_on_accelerating_uptrend" time="0.000" /><testcase classname="tests.test_bitunix_htf_regime" name="test_macd_negative_on_accelerating_downtrend" time="0.000" /><testcase classname="tests.test_bitunix_htf_regime" name="test_atr_returns_none_when_insufficient" time="0.000" /><testcase classname="tests.test_bitunix_htf_regime" name="test_atr_constant_range_yields_constant_atr" time="0.000" /><testcase classname="tests.test_bitunix_htf_regime" name="test_find_swing_points_simple" time="0.000" /><testcase classname="tests.test_bitunix_htf_regime" name="test_market_structure_bull" time="0.000" /><testcase classname="tests.test_bitunix_htf_regime" name="test_market_structure_bear" time="0.000" /><testcase classname="tests.test_bitunix_htf_regime" name="test_market_structure_insufficient_data" time="0.000" /><testcase classname="tests.test_bitunix_htf_regime" name="test_current_session_buckets[3-asia]" time="0.000" /><testcase classname="tests.test_bitunix_htf_regime" name="test_current_session_buckets[8-london]" time="0.000" /><testcase classname="tests.test_bitunix_htf_regime" name="test_current_session_buckets[13-overlap]" time="0.001" /><testcase classname="tests.test_bitunix_htf_regime" name="test_current_session_buckets[17-new_york]" time="0.000" /><testcase classname="tests.test_bitunix_htf_regime" name="test_current_session_buckets[22-asia]" time="0.000" /><testcase classname="tests.test_bitunix_htf_regime" name="test_current_session_naive_treated_as_utc" time="0.000" /><testcase classname="tests.test_bitunix_htf_regime" name="test_classify_timeframe_bull" time="0.001" /><testcase classname="tests.test_bitunix_htf_regime" name="test_classify_timeframe_bear" time="0.001" /><testcase classname="tests.test_bitunix_htf_regime" name="test_classify_timeframe_range" time="0.001" /><testcase classname="tests.test_bitunix_htf_regime" name="test_classify_timeframe_insufficient" time="0.000" /><testcase classname="tests.test_bitunix_htf_regime" name="test_classify_timeframe_transitional" time="0.001" /><testcase classname="tests.test_bitunix_htf_regime" name="test_compute_regime_strong_bull_when_all_three_bull" time="0.002" /><testcase classname="tests.test_bitunix_htf_regime" name="test_compute_regime_strong_bear_when_all_three_bear" time="0.002" /><testcase classname="tests.test_bitunix_htf_regime" name="test_compute_regime_neutral_when_all_three_range" time="0.002" /><testcase classname="tests.test_bitunix_htf_regime" name="test_compute_regime_bull_with_h1_bear_pullback" time="0.002" /><testcase classname="tests.test_bitunix_htf_regime" name="test_compute_regime_safe_mode_when_all_three_missing" time="0.000" /><testcase classname="tests.test_bitunix_htf_regime" name="test_compute_regime_h1_insufficient_does_not_force_safe_mode" time="0.002" /><testcase classname="tests.test_bitunix_htf_regime" name="test_compute_regime_threshold_boundaries" time="0.002" /><testcase classname="tests.test_bitunix_htf_regime" name="test_compute_regime_funding_extreme_flag" time="0.002" /><testcase classname="tests.test_bitunix_htf_regime" name="test_compute_regime_funding_below_threshold" time="0.002" /><testcase classname="tests.test_bitunix_htf_regime" name="test_compute_regime_volatility_tier_from_d1_atr" time="0.002" /><testcase classname="tests.test_bitunix_htf_regime" name="test_strong_bull_allows_long_full_size_blocks_short" time="0.000" /><testcase classname="tests.test_bitunix_htf_regime" name="test_strong_bear_allows_short_full_size_blocks_long" time="0.000" /><testcase classname="tests.test_bitunix_htf_regime" name="test_bull_with_h1_bear_halves_long_size" time="0.000" /><testcase classname="tests.test_bitunix_htf_regime" name="test_bear_with_h1_bull_halves_short_size" time="0.000" /><testcase classname="tests.test_bitunix_htf_regime" name="test_neutral_allows_both_at_half_size" time="0.000" /><testcase classname="tests.test_bitunix_htf_regime" name="test_safe_mode_blocks_both" time="0.000" /><testcase classname="tests.test_bitunix_htf_regime" name="test_proximity_to_resistance_blocks_long" time="0.000" /><testcase classname="tests.test_bitunix_htf_regime" name="test_proximity_to_support_blocks_short" time="0.000" /><testcase classname="tests.test_bitunix_htf_regime" name="test_proximity_does_not_block_when_far_enough" time="0.000" /><testcase classname="tests.test_bitunix_htf_regime" name="test_volatility_extreme_blocks_all_trades" time="0.000" /><testcase classname="tests.test_bitunix_htf_regime" name="test_funding_extreme_long_blocked_when_positive_funding" time="0.000" /><testcase classname="tests.test_bitunix_htf_regime" name="test_funding_extreme_short_blocked_when_negative_funding" time="0.000" /><testcase classname="tests.test_bitunix_htf_regime" name="test_funding_extreme_does_not_block_uncrowded_side" time="0.000" /><testcase classname="tests.test_bitunix_htf_regime" name="test_invalid_proposed_side_returns_zero" time="0.000" /><testcase classname="tests.test_bitunix_htf_regime" name="test_hard_zero_priority_proximity_over_vol_tier" time="0.000" /><testcase classname="tests.test_bitunix_htf_regime" name="test_funding_units_mild_positive_not_extreme" time="0.002" /><testcase classname="tests.test_bitunix_htf_regime" name="test_funding_units_mild_negative_not_extreme_sign_preserved" time="0.002" /><testcase classname="tests.test_bitunix_htf_regime" name="test_funding_units_extreme_trips_at_correct_threshold" time="0.002" /><testcase classname="tests.test_bitunix_htf_regime" name="test_funding_units_render_format" time="0.000" /><testcase classname="tests.test_bitunix_kline_fetcher_pagination" name="test_kline_fetcher_returns_full_window_when_server_caps_at_200" time="0.008" /><testcase classname="tests.test_bitunix_kline_fetcher_pagination" name="test_kline_fetcher_short_window_uses_one_call" time="0.002" /><testcase classname="tests.test_bitunix_kline_fetcher_pagination" name="test_kline_fetcher_empty_server_response_returns_empty_list" time="0.002" /><testcase classname="tests.test_bitunix_kline_fetcher_pagination" name="test_trade1_reproduces_observed_bug_with_truncated_bars" time="0.001" /><testcase classname="tests.test_bitunix_kline_fetcher_pagination" name="test_trade1_with_correct_bars_yields_partial_win" time="0.001" /><testcase classname="tests.test_bitunix_kline_fetcher_pagination" name="test_multi_tp_in_one_walk_yields_correct_sl_at_tp1_floor" time="0.001" /><testcase classname="tests.test_bitunix_lifecycle_notifier" name="test_notify_tp1_fill_content" time="0.001" /><testcase classname="tests.test_bitunix_lifecycle_notifier" name="test_notify_tp2_fill_content" time="0.001" /><testcase classname="tests.test_bitunix_lifecycle_notifier" name="test_notify_close_out_tp3_win" time="0.001" /><testcase classname="tests.test_bitunix_lifecycle_notifier" name="test_notify_close_out_sl_loss" time="0.001" /><testcase classname="tests.test_bitunix_lifecycle_notifier" name="test_notify_close_out_pnl_pending" time="0.001" /><testcase classname="tests.test_bitunix_lifecycle_notifier" name="test_live_mode_prefix" time="0.001" /><testcase classname="tests.test_bitunix_lifecycle_notifier" name="test_failure_does_not_raise" time="0.003" /><testcase classname="tests.test_bitunix_lifecycle_notifier_alerts" name="test_exit_order_placed" time="0.001" /><testcase classname="tests.test_bitunix_lifecycle_notifier_alerts" name="test_exit_order_filled_no_counter" time="0.002" /><testcase classname="tests.test_bitunix_lifecycle_notifier_alerts" name="test_exit_order_filled_with_counter_suffix" time="0.001" /><testcase classname="tests.test_bitunix_lifecycle_notifier_alerts" name="test_exit_order_rejected" time="0.001" /><testcase classname="tests.test_bitunix_lifecycle_notifier_alerts" name="test_exit_partial_fill" time="0.001" /><testcase classname="tests.test_bitunix_lifecycle_notifier_alerts" name="test_position_closed_with_pnl" time="0.001" /><testcase classname="tests.test_bitunix_lifecycle_notifier_alerts" name="test_reconciliation_divergence" time="0.001" /><testcase classname="tests.test_bitunix_lifecycle_notifier_alerts" name="test_cost_accrual_recorded" time="0.001" /><testcase classname="tests.test_bitunix_lifecycle_notifier_alerts" name="test_restart_resume_executed" time="0.001" /><testcase classname="tests.test_bitunix_observer_execute_live_exits" name="test_happy_path_calls_data_exec_with_reduce_only_inverted_side" time="0.507" /><testcase classname="tests.test_bitunix_observer_execute_live_exits" name="test_happy_path_writes_exit_outcome_with_broker_truth_price" time="0.495" /><testcase classname="tests.test_bitunix_observer_execute_live_exits" name="test_short_entry_inverts_to_buy_exit" time="0.520" /><testcase classname="tests.test_bitunix_observer_execute_live_exits" name="test_intent_audit_fires_before_data_exec_place" time="0.523" /><testcase classname="tests.test_bitunix_observer_execute_live_exits" name="test_stuck_cancelled_returns_false_and_writes_audit" time="0.507" /><testcase classname="tests.test_bitunix_observer_execute_live_exits" name="test_stuck_cancel_failed_writes_halt_audit_and_elevated_alert" time="0.487" /><testcase classname="tests.test_bitunix_observer_execute_live_exits" name="test_generic_exception_writes_rejected_audit" time="0.493" /><testcase classname="tests.test_bitunix_observer_execute_live_exits" name="test_partial_qty_passed_through_for_multi_leg_close" time="0.501" /><testcase classname="tests.test_bitunix_observer_execution_mode" name="test_execution_mode_defaults_to_paper" time="0.437" /><testcase classname="tests.test_bitunix_observer_execution_mode" name="test_execution_mode_explicit_paper" time="0.535" /><testcase classname="tests.test_bitunix_observer_execution_mode" name="test_execution_mode_explicit_live" time="0.537" /><testcase classname="tests.test_bitunix_observer_execution_mode" name="test_execution_mode_case_normalization_paper[PAPER-paper]" time="0.488" /><testcase classname="tests.test_bitunix_observer_execution_mode" name="test_execution_mode_case_normalization_paper[Paper-paper]" time="0.479" /><testcase classname="tests.test_bitunix_observer_execution_mode" name="test_execution_mode_case_normalization_paper[paper -paper ]" time="0.441" /><testcase classname="tests.test_bitunix_observer_execution_mode" name="test_execution_mode_case_normalization_live[LIVE]" time="0.443" /><testcase classname="tests.test_bitunix_observer_execution_mode" name="test_execution_mode_case_normalization_live[Live]" time="0.476" /><testcase classname="tests.test_bitunix_observer_execution_mode" name="test_execution_mode_case_normalization_live[lIVe]" time="0.441" /><testcase classname="tests.test_bitunix_observer_execution_mode" name="test_execution_mode_unknown_string_falls_back_to_paper[foobar]" time="0.600" /><testcase classname="tests.test_bitunix_observer_execution_mode" name="test_execution_mode_unknown_string_falls_back_to_paper[test]" time="0.452" /><testcase classname="tests.test_bitunix_observer_execution_mode" name="test_execution_mode_unknown_string_falls_back_to_paper[demo]" time="0.445" /><testcase classname="tests.test_bitunix_observer_execution_mode" name="test_execution_mode_unknown_string_falls_back_to_paper[]" time="0.422" /><testcase classname="tests.test_bitunix_observer_execution_mode" name="test_execution_mode_unknown_string_falls_back_to_paper[  ]" time="0.492" /><testcase classname="tests.test_bitunix_observer_execution_mode" name="test_execution_mode_unknown_string_falls_back_to_paper[live!]" time="0.438" /><testcase classname="tests.test_bitunix_observer_execution_mode" name="test_execution_mode_unknown_string_falls_back_to_paper[papre]" time="0.429" /><testcase classname="tests.test_bitunix_observer_execution_mode" name="test_execution_mode_non_string_falls_back_to_paper[42]" time="0.451" /><testcase classname="tests.test_bitunix_observer_execution_mode" name="test_execution_mode_non_string_falls_back_to_paper[None]" time="0.431" /><testcase classname="tests.test_bitunix_observer_execution_mode" name="test_execution_mode_non_string_falls_back_to_paper[True]" time="0.463" /><testcase classname="tests.test_bitunix_observer_execution_mode" name="test_execution_mode_non_string_falls_back_to_paper[0]" time="0.474" /><testcase classname="tests.test_bitunix_observer_execution_mode" name="test_execution_mode_non_string_falls_back_to_paper[value4]" time="0.436" /><testcase classname="tests.test_bitunix_observer_execution_mode" name="test_yaml_block_defaults_to_paper_when_field_absent" time="0.000" /><testcase classname="tests.test_bitunix_observer_execution_mode" name="test_yaml_block_explicit_live_reads_live" time="0.000" /><testcase classname="tests.test_bitunix_observer_execution_mode" name="test_yaml_block_uppercase_live_normalizes" time="0.000" /><testcase classname="tests.test_bitunix_observer_execution_mode" name="test_prod_strategies_yaml_ships_paper_default" time="0.085"><failure message="AssertionError: prod strategies.yaml's bitunix_futures.execution_mode must be 'paper' on this branch — live flip is a separate operator-approved deploy. Got: 'live'&#10;assert 'live' == 'paper'&#10;  &#10;  - paper&#10;  + live">def test_prod_strategies_yaml_ships_paper_default():
        """Belt-and-suspenders: the actual prod YAML on this commit must
        have `execution_mode: paper` in the bitunix_futures block. If
        someone accidentally bumps it to `live` in a refactor PR, this
        test fails. To flip live for a live-trading session, the operator
        edits the YAML *deliberately* + restarts — that diff is separate
        from the code change."""
        import yaml as _yaml
        strat_path = Path(__file__).resolve().parent.parent / "config" / "strategies.yaml"
        with strat_path.open() as f:
            raw = _yaml.safe_load(f)
        bx = raw.get("bitunix_futures", {})
&gt;       assert bx.get("execution_mode") == "paper", (
            "prod strategies.yaml's bitunix_futures.execution_mode must be 'paper' "
            "on this branch — live flip is a separate operator-approved deploy. "
            f"Got: {bx.get('execution_mode')!r}"
        )
E       AssertionError: prod strategies.yaml's bitunix_futures.execution_mode must be 'paper' on this branch — live flip is a separate operator-approved deploy. Got: 'live'
E       assert 'live' == 'paper'
E         
E         - paper
E         + live

tests\test_bitunix_observer_execution_mode.py:148: AssertionError</failure></testcase><testcase classname="tests.test_bitunix_observer_flip_detection" name="test_open_buy_with_premium_sell_writes_audit_row" time="0.527" /><testcase classname="tests.test_bitunix_observer_flip_detection" name="test_open_sell_with_premium_buy_writes_audit_row" time="0.483" /><testcase classname="tests.test_bitunix_observer_flip_detection" name="test_standard_opposite_does_not_write" time="0.458" /><testcase classname="tests.test_bitunix_observer_flip_detection" name="test_same_side_premium_does_not_write" time="0.528" /><testcase classname="tests.test_bitunix_observer_flip_detection" name="test_no_open_position_does_not_write" time="0.456" /><testcase classname="tests.test_bitunix_observer_flip_detection" name="test_closed_position_does_not_count_as_open" time="0.518" /><testcase classname="tests.test_bitunix_observer_flip_detection" name="test_detector_exception_does_not_break_pipeline" time="0.506" /><testcase classname="tests.test_bitunix_observer_flip_detection" name="test_zero_risk_distance_records_null_r" time="0.537" /><testcase classname="tests.test_bitunix_observer_hitl_gate" name="test_hitl_first_n_is_zero_permanent" time="0.000" /><testcase classname="tests.test_bitunix_observer_hitl_gate" name="test_hitl_approve_at_first_order_calls_place_and_increments" time="0.653" /><testcase classname="tests.test_bitunix_observer_hitl_gate" name="test_hitl_summary_includes_position_in_first_n" time="0.660" /><testcase classname="tests.test_bitunix_observer_hitl_gate" name="test_hitl_modify_applies_new_qty_then_places" time="0.638" /><testcase classname="tests.test_bitunix_observer_hitl_gate" name="test_hitl_reject_does_not_call_place_and_audits_skip" time="0.613" /><testcase classname="tests.test_bitunix_observer_hitl_gate" name="test_hitl_reject_pushes_telegram_alert" time="0.614" /><testcase classname="tests.test_bitunix_observer_hitl_gate" name="test_hitl_timeout_treated_as_reject" time="0.663" /><testcase classname="tests.test_bitunix_observer_hitl_gate" name="test_hitl_registry_exception_fails_closed" time="0.592" /><testcase classname="tests.test_bitunix_observer_hitl_gate" name="test_monitor_mode_at_count_10_skips_hitl_gate" time="0.624" /><testcase classname="tests.test_bitunix_observer_hitl_gate" name="test_audit_intent_payload_marks_hitl_gate_required" time="0.613" /><testcase classname="tests.test_bitunix_observer_hitl_gate" name="test_audit_intent_payload_marks_monitor_mode" time="0.637" /><testcase classname="tests.test_bitunix_observer_hitl_gate" name="test_counter_survives_observer_reinstantiation" time="0.664" /><testcase classname="tests.test_bitunix_observer_hitl_gate" name="test_no_pending_registry_skips_hitl_gracefully" time="0.651" /><testcase classname="tests.test_bitunix_observer_hitl_gate" name="test_hitl_reject_does_not_pollute_daily_risk_below_attempt_semantic" time="0.649" /><testcase classname="tests.test_bitunix_observer_hitl_gate" name="test_hitl_disabled_skips_gate_and_places" time="0.651" /><testcase classname="tests.test_bitunix_observer_live_branch" name="test_paper_mode_never_calls_data_exec_place" time="0.694" /><testcase classname="tests.test_bitunix_observer_live_branch" name="test_paper_mode_writes_would_have_placed_not_live" time="0.590" /><testcase classname="tests.test_bitunix_observer_live_branch" name="test_live_mode_with_auto_execute_calls_data_exec_place" time="0.642" /><testcase classname="tests.test_bitunix_observer_live_branch" name="test_live_mode_emits_live_order_placed_audit_with_reread" time="0.656" /><testcase classname="tests.test_bitunix_observer_live_branch" name="test_live_mode_pushes_telegram_with_live_suffix" time="0.600" /><testcase classname="tests.test_bitunix_observer_live_branch" name="test_live_mode_writes_paper_trade_record_with_execution_mode_tag" time="0.634" /><testcase classname="tests.test_bitunix_observer_live_branch" name="test_live_mode_paper_trade_record_carries_broker_order_id" time="0.628" /><testcase classname="tests.test_bitunix_observer_live_branch" name="test_live_mode_rejection_does_not_write_paper_trade_record" time="0.604" /><testcase classname="tests.test_bitunix_observer_live_branch" name="test_paper_mode_paper_trade_record_no_execution_mode_tag" time="0.638" /><testcase classname="tests.test_bitunix_observer_live_branch" name="test_live_mode_with_auto_execute_false_falls_back_to_paper" time="0.698" /><testcase classname="tests.test_bitunix_observer_live_branch" name="test_live_mode_broker_exception_writes_rejected_audit" time="0.616" /><testcase classname="tests.test_bitunix_observer_live_branch" name="test_live_mode_rejection_pushes_telegram_rejected_message" time="0.605" /><testcase classname="tests.test_bitunix_observer_live_branch" name="test_live_mode_rejection_observer_loop_survives" time="0.648" /><testcase classname="tests.test_bitunix_observer_live_branch" name="test_live_mode_telegram_push_false_writes_failure_audit" time="0.612" /><testcase classname="tests.test_bitunix_observer_live_branch" name="test_live_mode_telegram_push_raises_does_not_block" time="0.631" /><testcase classname="tests.test_bitunix_observer_live_branch" name="test_live_mode_records_daily_risk_on_success" time="0.609" /><testcase classname="tests.test_bitunix_observer_live_branch" name="test_live_mode_records_daily_risk_on_rejection" time="0.600" /><testcase classname="tests.test_bitunix_observer_pa_redeem" name="test_clear_pending_pa_resets_all_three_attrs" time="0.432" /><testcase classname="tests.test_bitunix_observer_pa_redeem" name="test_clear_pending_pa_is_idempotent_when_empty" time="0.518" /><testcase classname="tests.test_bitunix_observer_pa_redeem" name="test_pa_reject_in_enforce_caches_payload" time="0.611" /><testcase classname="tests.test_bitunix_observer_pa_redeem" name="test_pa_reject_in_shadow_does_not_cache" time="0.642" /><testcase classname="tests.test_bitunix_observer_pa_redeem" name="test_score_skip_clears_cache" time="0.511" /><testcase classname="tests.test_bitunix_observer_pa_redeem" name="test_opposite_side_win_clears_prior_cache" time="0.449" /><testcase classname="tests.test_bitunix_observer_pa_redeem" name="test_pa_pass_clears_cache" time="0.533" /><testcase classname="tests.test_bitunix_observer_pa_redeem" name="test_pa_validation_redeem_audit_written_only_on_redeem_source" time="0.603" /><testcase classname="tests.test_bitunix_observer_pa_redeem" name="test_pa_validation_expired_written_on_score_decay" time="0.463" /><testcase classname="tests.test_bitunix_observer_pa_redeem" name="test_pa_validation_expired_written_on_opposite_side" time="0.475" /><testcase classname="tests.test_bitunix_observer_pa_redeem" name="test_pa_validation_expired_NOT_written_when_cache_empty" time="0.490" /><testcase classname="tests.test_bitunix_observer_pa_redeem" name="test_redeem_audit_order_id_backfilled_after_placement" time="0.556" /><testcase classname="tests.test_bitunix_observer_pa_redeem" name="test_redeem_audit_order_id_stays_none_when_post_pa_gate_rejects" time="0.599" /><testcase classname="tests.test_bitunix_observer_pa_redeem" name="test_run_pa_redeem_loop_is_no_op_when_cache_empty" time="0.594" /><testcase classname="tests.test_bitunix_observer_pa_redeem" name="test_run_pa_redeem_loop_calls_score_when_cache_set" time="0.553" /><testcase classname="tests.test_bitunix_observer_pa_redeem" name="test_immediate_fire_stamps_redeemed_false_in_storage" time="0.559" /><testcase classname="tests.test_bitunix_observer_pa_redeem" name="test_redeemed_fire_stamps_redeem_metadata_in_storage" time="0.560" /><testcase classname="tests.test_bitunix_observer_pa_redeem" name="test_run_pa_redeem_loop_swallows_tick_exceptions" time="0.548" /><testcase classname="tests.test_bitunix_observer_pa_redeem" name="test_score_path_flatten_account_verdict_dispatches_flatten" time="0.462" /><testcase classname="tests.test_bitunix_observer_pa_redeem" name="test_score_path_normal_reject_does_not_flatten" time="0.475" /><testcase classname="tests.test_bitunix_observer_placement_outcome" name="test_record_placement_outcome_method_exists" time="0.422" /><testcase classname="tests.test_bitunix_observer_placement_outcome" name="test_trigger_path_calls_helper_once" time="0.559" /><testcase classname="tests.test_bitunix_observer_placement_outcome" name="test_trigger_path_byte_identity" time="0.822" /><testcase classname="tests.test_bitunix_observer_placement_outcome" name="test_score_path_calls_helper_once" time="0.612" /><testcase classname="tests.test_bitunix_observer_placement_outcome" name="test_score_path_byte_identity" time="0.551" /><testcase classname="tests.test_bitunix_observer_placement_outcome" name="test_helper_paper_mode_does_not_call_data_exec_place" time="0.585" /><testcase classname="tests.test_bitunix_observer_placement_outcome" name="test_helper_records_daily_risk_with_proposal_pct" time="0.594" /><testcase classname="tests.test_bitunix_observer_pr3c_gates" name="test_normalize_tf_maps_tv_intervals[3-3m]" time="0.001" /><testcase classname="tests.test_bitunix_observer_pr3c_gates" name="test_normalize_tf_maps_tv_intervals[15-15m]" time="0.001" /><testcase classname="tests.test_bitunix_observer_pr3c_gates" name="test_normalize_tf_maps_tv_intervals[30-30m]" time="0.001" /><testcase classname="tests.test_bitunix_observer_pr3c_gates" name="test_normalize_tf_maps_tv_intervals[60-1h]" time="0.001" /><testcase classname="tests.test_bitunix_observer_pr3c_gates" name="test_normalize_tf_maps_tv_intervals[240-4h]" time="0.000" /><testcase classname="tests.test_bitunix_observer_pr3c_gates" name="test_normalize_tf_maps_tv_intervals[D-1d]" time="0.000" /><testcase classname="tests.test_bitunix_observer_pr3c_gates" name="test_normalize_tf_maps_tv_intervals[1D-1d]" time="0.000" /><testcase classname="tests.test_bitunix_observer_pr3c_gates" name="test_normalize_tf_maps_tv_intervals[daily-1d]" time="0.000" /><testcase classname="tests.test_bitunix_observer_pr3c_gates" name="test_normalize_tf_maps_tv_intervals[3m-3m]" time="0.000" /><testcase classname="tests.test_bitunix_observer_pr3c_gates" name="test_normalize_tf_maps_tv_intervals[15m-15m]" time="0.000" /><testcase classname="tests.test_bitunix_observer_pr3c_gates" name="test_normalize_tf_maps_tv_intervals[None-None]" time="0.001" /><testcase classname="tests.test_bitunix_observer_pr3c_gates" name="test_normalize_tf_maps_tv_intervals[-None]" time="0.000" /><testcase classname="tests.test_bitunix_observer_pr3c_gates" name="test_normalize_tf_maps_tv_intervals[zzz-zzz]" time="0.001" /><testcase classname="tests.test_bitunix_observer_pr3c_gates" name="test_append_to_ledger_persists_tf_from_interval" time="0.468" /><testcase classname="tests.test_bitunix_observer_pr3c_gates" name="test_append_to_ledger_with_no_interval_persists_tf_null" time="0.454" /><testcase classname="tests.test_bitunix_observer_pr3c_gates" name="test_read_live_ledger_returns_bitunix_alert_with_tf" time="0.440" /><testcase classname="tests.test_bitunix_observer_pr3c_gates" name="test_schema_migration_adds_tf_column_to_existing_table" time="0.471" /><testcase classname="tests.test_bitunix_observer_pr3c_gates" name="test_observer_default_htf_gate_mode_is_off" time="0.440" /><testcase classname="tests.test_bitunix_observer_pr3c_gates" name="test_observer_invalid_gate_mode_falls_back_to_off" time="0.440" /><testcase classname="tests.test_bitunix_observer_pr3c_gates" name="test_observer_accepts_three_valid_modes" time="1.390" /><testcase classname="tests.test_bitunix_observer_pr3c_gates" name="test_log_pa_validation_writes_audit_row_with_mode" time="0.464" /><testcase classname="tests.test_bitunix_observer_pr3c_gates" name="test_log_htf_gate_writes_audit_row_with_full_breakdown" time="0.450" /><testcase classname="tests.test_bitunix_observer_record_exit_outcome" name="test_paper_mode_stamps_result_source_paper_replay_bars" time="0.477" /><testcase classname="tests.test_bitunix_observer_record_exit_outcome" name="test_live_mode_stamps_result_source_live_broker_truth" time="0.493" /><testcase classname="tests.test_bitunix_observer_record_exit_outcome" name="test_updates_result_columns" time="0.488" /><testcase classname="tests.test_bitunix_observer_record_exit_outcome" name="test_extra_json_merge_preserves_path_c_fields" time="0.481" /><testcase classname="tests.test_bitunix_observer_record_exit_outcome" name="test_extra_json_merge_accepts_extra_json_updates_kwarg" time="0.474" /><testcase classname="tests.test_bitunix_observer_record_exit_outcome" name="test_writes_exit_outcome_recorded_audit" time="0.489" /><testcase classname="tests.test_bitunix_observer_record_exit_outcome" name="test_leg_param_stamped_into_extra_and_audit" time="0.490" /><testcase classname="tests.test_bitunix_observer_record_exit_outcome" name="test_fill_event_stamped_into_extra_and_audit" time="0.454" /><testcase classname="tests.test_bitunix_observer_record_exit_outcome" name="test_row_update_failure_is_swallowed" time="0.419" /><testcase classname="tests.test_bitunix_observer_record_exit_outcome" name="test_audit_failure_is_swallowed" time="0.466" /><testcase classname="tests.test_bitunix_observer_v2_path" name="test_v2_uses_swing_when_distance_in_range" time="0.427" /><testcase classname="tests.test_bitunix_observer_v2_path" name="test_v2_falls_back_to_atr_when_no_swing" time="0.421" /><testcase classname="tests.test_bitunix_observer_v2_path" name="test_v2_returns_skip_when_swing_too_close" time="0.452" /><testcase classname="tests.test_bitunix_observer_v2_path" name="test_v2_unknown_tier_returns_skip" time="0.428" /><testcase classname="tests.test_bitunix_observer_v2_path" name="test_v2_zero_equity_returns_skip" time="0.433" /><testcase classname="tests.test_bitunix_observer_v2_path" name="test_log_trade_plan_decision_writes_audit_row" time="0.451" /><testcase classname="tests.test_bitunix_observer_v2_path" name="test_v2_proposal_carries_pnl_compute_fields" time="0.438" /><testcase classname="tests.test_bitunix_pa_validation" name="test_disabled_returns_disabled_regardless_of_inputs" time="0.001" /><testcase classname="tests.test_bitunix_pa_validation" name="test_buy_with_all_three_validators_passing_returns_pass" time="0.000" /><testcase classname="tests.test_bitunix_pa_validation" name="test_sell_with_all_three_validators_passing_returns_pass" time="0.000" /><testcase classname="tests.test_bitunix_pa_validation" name="test_require_all_one_failing_validator_rejects" time="0.001" /><testcase classname="tests.test_bitunix_pa_validation" name="test_require_all_vwap_misaligned_for_buy_rejects" time="0.001" /><testcase classname="tests.test_bitunix_pa_validation" name="test_require_all_structure_disagrees_with_sell_rejects" time="0.000" /><testcase classname="tests.test_bitunix_pa_validation" name="test_min_validators_passed_2_allows_one_failure" time="0.000" /><testcase classname="tests.test_bitunix_pa_validation" name="test_min_validators_passed_3_rejects_one_failure" time="0.000" /><testcase classname="tests.test_bitunix_pa_validation" name="test_buy_60min_drop_beyond_threshold_rejects" time="0.000" /><testcase classname="tests.test_bitunix_pa_validation" name="test_buy_60min_drop_below_threshold_passes" time="0.000" /><testcase classname="tests.test_bitunix_pa_validation" name="test_sell_60min_rise_beyond_threshold_rejects" time="0.000" /><testcase classname="tests.test_bitunix_pa_validation" name="test_rush_fall_disabled_lets_extreme_moves_pass" time="0.000" /><testcase classname="tests.test_bitunix_pa_validation" name="test_invalid_side_rejects" time="0.000" /><testcase classname="tests.test_bitunix_pa_validation" name="test_unknown_validator_name_treated_as_failed" time="0.000" /><testcase classname="tests.test_bitunix_pa_validation" name="test_from_dict_full_yaml_block" time="0.000" /><testcase classname="tests.test_bitunix_pa_validation" name="test_from_dict_missing_block_yields_disabled_defaults" time="0.000" /><testcase classname="tests.test_bitunix_position_reconciler" name="test_no_legs_filled_returns_none" time="0.000" /><testcase classname="tests.test_bitunix_position_reconciler" name="test_long_tp1_filled_moves_sl_to_entry" time="0.000" /><testcase classname="tests.test_bitunix_position_reconciler" name="test_short_tp1_filled_moves_sl_to_entry" time="0.000" /><testcase classname="tests.test_bitunix_position_reconciler" name="test_long_tp1_already_at_entry_idempotent" time="0.000" /><testcase classname="tests.test_bitunix_position_reconciler" name="test_long_tp2_no_extreme_uses_floor" time="0.000" /><testcase classname="tests.test_bitunix_position_reconciler" name="test_long_tp2_trail_beats_floor" time="0.000" /><testcase classname="tests.test_bitunix_position_reconciler" name="test_long_tp2_floor_beats_trail" time="0.001" /><testcase classname="tests.test_bitunix_position_reconciler" name="test_short_tp2_trail_uses_min_low" time="0.000" /><testcase classname="tests.test_bitunix_position_reconciler" name="test_long_ratchet_blocks_downward_move" time="0.000" /><testcase classname="tests.test_bitunix_position_reconciler" name="test_short_ratchet_blocks_upward_move" time="0.000" /><testcase classname="tests.test_bitunix_position_reconciler" name="test_atr_insufficient_bars_returns_none" time="0.000" /><testcase classname="tests.test_bitunix_position_reconciler" name="test_atr_known_value_with_close_gap" time="0.000" /><testcase classname="tests.test_bitunix_position_reconciler" name="test_extreme_since_tp2_none_when_tp2_not_filled" time="0.000" /><testcase classname="tests.test_bitunix_position_reconciler" name="test_extreme_since_tp2_none_when_no_timestamp" time="0.000" /><testcase classname="tests.test_bitunix_position_reconciler" name="test_extreme_since_tp2_max_high_for_long" time="0.000" /><testcase classname="tests.test_bitunix_position_reconciler" name="test_extreme_since_tp2_min_low_for_short" time="0.000" /><testcase classname="tests.test_bitunix_position_reconciler" name="test_list_open_positions_returns_unresolved_v2" time="0.432" /><testcase classname="tests.test_bitunix_position_reconciler" name="test_list_open_positions_filters_resolved" time="0.459" /><testcase classname="tests.test_bitunix_position_reconciler" name="test_list_open_positions_filters_legacy_tp_plan" time="0.513" /><testcase classname="tests.test_bitunix_position_reconciler" name="test_list_open_positions_filters_other_divisions" time="0.439" /><testcase classname="tests.test_bitunix_position_reconciler" name="test_modify_position_tp_sl_order_raises_not_implemented" time="0.002" /><testcase classname="tests.test_bitunix_position_reconciler" name="test_reconciler_tick_no_positions_no_audit" time="0.439" /><testcase classname="tests.test_bitunix_position_reconciler" name="test_reconciler_tick_paper_mode_dormant_no_audit" time="0.442" /><testcase classname="tests.test_bitunix_position_reconciler" name="test_reconciler_tick_emits_audit_after_tp1_fill" time="0.429" /><testcase classname="tests.test_bitunix_position_reconciler" name="test_reconciler_tick_idempotent_after_ratcheted" time="0.455" /><testcase classname="tests.test_bitunix_position_reconciler" name="test_reconciler_config_from_dict_defaults" time="0.000" /><testcase classname="tests.test_bitunix_position_reconciler" name="test_reconciler_config_from_dict_overrides" time="0.000" /><testcase classname="tests.test_bitunix_position_reconciler" name="test_clean_match_no_divergence_no_halt" time="0.459" /><testcase classname="tests.test_bitunix_position_reconciler" name="test_bot_tracks_broker_missing_surfaces_as_divergence" time="0.493" /><testcase classname="tests.test_bitunix_position_reconciler" name="test_broker_has_bot_missing_surfaces_as_orphan" time="0.460" /><testcase classname="tests.test_bitunix_position_reconciler" name="test_short_position_matches_sell_side_row" time="0.428" /><testcase classname="tests.test_bitunix_position_reconciler" name="test_short_orphan_renders_as_sell_side" time="0.455" /><testcase classname="tests.test_bitunix_position_reconciler" name="test_paper_mode_rows_ignored" time="0.444" /><testcase classname="tests.test_bitunix_position_reconciler" name="test_partial_match_one_match_one_orphan" time="0.513" /><testcase classname="tests.test_bitunix_position_reconciler" name="test_audit_kind_differs_on_clean_vs_divergence" time="0.464" /><testcase classname="tests.test_bitunix_position_reconciler" name="test_halt_on_divergence_false_skips_latch" time="0.454" /><testcase classname="tests.test_bitunix_position_reconciler" name="test_broker_call_failure_treated_as_no_positions" time="0.495" /><testcase classname="tests.test_bitunix_pr5_persistence" name="test_archiver_schema_init_idempotent" time="0.454" /><testcase classname="tests.test_bitunix_pr5_persistence" name="test_archiver_writes_all_bars_first_call" time="0.458" /><testcase classname="tests.test_bitunix_pr5_persistence" name="test_archiver_skips_already_seen_on_subsequent_calls" time="0.459" /><testcase classname="tests.test_bitunix_pr5_persistence" name="test_archiver_picks_up_new_bars_after_first_call" time="0.462" /><testcase classname="tests.test_bitunix_pr5_persistence" name="test_archiver_dedupes_across_caches_by_pk" time="0.443" /><testcase classname="tests.test_bitunix_pr5_persistence" name="test_archiver_handles_empty_cache_silently" time="0.431" /><testcase classname="tests.test_bitunix_pr5_persistence" name="test_funding_refresh_writes_history_when_db_url_set" time="0.455" /><testcase classname="tests.test_bitunix_pr5_persistence" name="test_funding_refresh_no_db_url_does_not_write" time="0.424" /><testcase classname="tests.test_bitunix_pr5_persistence" name="test_funding_refresh_failed_does_not_persist" time="0.464" /><testcase classname="tests.test_bitunix_pr5_persistence" name="test_snapshot_regime_to_audit_writes_row_with_full_payload" time="0.482" /><testcase classname="tests.test_bitunix_pr5_persistence" name="test_snapshot_regime_safe_mode_when_all_caches_empty" time="0.431" /><testcase classname="tests.test_bitunix_pr5_persistence" name="test_log_htf_gate_includes_bar_pointers_when_provider_has_bars" time="0.459" /><testcase classname="tests.test_bitunix_pr5_persistence" name="test_log_htf_gate_bar_pointers_none_when_no_provider" time="0.444" /><testcase classname="tests.test_bitunix_prod_surface_md5diff" name="test_local_md5_lf_normalizes_crlf" time="0.018" /><testcase classname="tests.test_bitunix_prod_surface_md5diff" name="test_local_md5_lf_missing_returns_none" time="0.003" /><testcase classname="tests.test_bitunix_prod_surface_md5diff" name="test_parse_md5sum_stdout_happy" time="0.000" /><testcase classname="tests.test_bitunix_prod_surface_md5diff" name="test_parse_md5sum_stdout_ignores_garbage" time="0.000" /><testcase classname="tests.test_bitunix_prod_surface_md5diff" name="test_parse_az_message_with_stderr" time="0.000" /><testcase classname="tests.test_bitunix_prod_surface_md5diff" name="test_parse_az_message_no_stderr_block" time="0.000" /><testcase classname="tests.test_bitunix_prod_surface_md5diff" name="test_parse_az_message_no_stdout_marker_raises" time="0.000" /><testcase classname="tests.test_bitunix_prod_surface_md5diff" name="test_compare_all_status_branches" time="0.000" /><testcase classname="tests.test_bitunix_prod_surface_md5diff" name="test_format_report_clean_exits_zero" time="0.000" /><testcase classname="tests.test_bitunix_prod_surface_md5diff" name="test_format_report_drift_exits_one" time="0.000" /><testcase classname="tests.test_bitunix_prod_surface_md5diff" name="test_format_report_missing_exits_two" time="0.000" /><testcase classname="tests.test_bitunix_prod_surface_md5diff" name="test_format_report_missing_outranks_drift" time="0.000" /><testcase classname="tests.test_bitunix_prod_surface_md5diff" name="test_main_manifest_only_flag" time="0.001" /><testcase classname="tests.test_bitunix_prod_surface_md5diff" name="test_main_clean_run_end_to_end" time="0.087" /><testcase classname="tests.test_bitunix_prod_surface_md5diff" name="test_main_drift_run_end_to_end" time="0.018" /><testcase classname="tests.test_bitunix_reconciler_autobook_latch" name="test_confirmed_stop_close_autobooks_at_stop_level" time="0.501" /><testcase classname="tests.test_bitunix_reconciler_autobook_latch" name="test_long_stop_close_pnl_sign" time="0.485" /><testcase classname="tests.test_bitunix_reconciler_autobook_latch" name="test_unconfirmed_missing_not_booked_first_tick" time="0.452" /><testcase classname="tests.test_bitunix_reconciler_autobook_latch" name="test_partial_tp_close_defers_not_guesses" time="0.501" /><testcase classname="tests.test_bitunix_reconciler_autobook_latch" name="test_two_consecutive_clean_releases_halt" time="0.510" /><testcase classname="tests.test_bitunix_reconciler_autobook_latch" name="test_single_clean_tick_does_not_release" time="0.487" /><testcase classname="tests.test_bitunix_reconciler_autobook_latch" n
[...]
    await self.background()
..\p2venv\Lib\site-packages\starlette\background.py:36: in __call__
    await task()
..\p2venv\Lib\site-packages\starlette\background.py:21: in __call__
    await self.func(*self.args, **self.kwargs)
_ _ _ _ _ _ _ _ _ _ _ _ _ _ _ _ _ _ _ _ _ _ _ _ _ _ _ _ _ _ _ _ _ _ _ _ _ _ _ _

deps = &lt;tests.test_webhooks_return_fast._build_deps.&lt;locals&gt;._Deps object at 0x0000024BC849B590&gt;
agent = &lt;trading_corp.agents.strategies.lord_otter.LordOtterAgent object at 0x0000024BC8499D60&gt;
payload = {'secret': 'ok', 'ticker': 'BTCUSD', 'signal': 'otter_buy', 'price': '65000.0', ...}
symbol = 'BTC/USD'

    async def _process_lord_otter_alert(
        *, deps: Any, agent: Any, payload: dict, symbol: str,
    ) -&gt; None:
        """Background processing of a Lord Otter TV alert.
    
        Runs after the webhook handler returned 200 to TradingView. Writes
        audit rows for every decision branch (alert_ignored, risk_rejected,
        would_have_placed, filled, execution_error). Telegram-notifies the
        Board on terminal states. On any unhandled exception, writes an
        `agent_error` audit row + Telegram-notifies, so silent crashes are
        impossible.
        """
        # ── BitUnix Phase 3 division agent (additive, never raises) ──────
        # Phase 3.0 (2026-05-10): bias-only observer.
        # Phase 3.1 (this): full ladder + ProposedOrder + paper-mode auto-execute
        # via observe_and_decide. Wraps in try/except so any failure here can't
        # disrupt the existing real-money path. Per memory
        # `trading_corp_bitunix_phase3_confluence_model`: no per-trade HITL
        # for bitunix_futures — risk caps are the gate, not approval.
&gt;       if deps.bitunix_observer is not None:
           ^^^^^^^^^^^^^^^^^^^^^
E       AttributeError: '_Deps' object has no attribute 'bitunix_observer'

trading_corp\web\webhooks.py:523: AttributeError</failure></testcase><testcase classname="tests.test_webhooks_return_fast" name="test_background_crash_audits_and_notifies_telegram" time="0.513"><failure message="AttributeError: '_Deps' object has no attribute 'bitunix_observer'">otter_yaml = WindowsPath('C:/Users/AA Incorporado/AppData/Local/Temp/pytest-of-AA Incorporado/pytest-1444/test_background_crash_audits_a0/strategies.yaml')
tmp_db = 'sqlite:///C:/Users/AA Incorporado/AppData/Local/Temp/pytest-of-AA Incorporado/pytest-1444/test_background_crash_audits_a0/test_trading_corp.db'
monkeypatch = &lt;_pytest.monkeypatch.MonkeyPatch object at 0x0000024BC853D370&gt;

    def test_background_crash_audits_and_notifies_telegram(
        otter_yaml, tmp_db, monkeypatch,
    ):
        """If the background task hits an unhandled exception, the catch-all
        MUST write an `agent_error` audit row (with phase=background_processing)
        AND fire a Telegram notify so the Board sees it. Silent crashes
        are unacceptable in the return-fast architecture — without this,
        TV gets a 200 and the whole alert disappears."""
        monkeypatch.setenv("TEST_OTTER_SECRET", "ok")
        monkeypatch.setenv("LORD_OTTER_DISABLE_IP_CHECK", "1")
    
        # Patch the consult to raise. The agent returns a real order so we
        # reach the consult call inside the background task.
        async def boom(**kw):
            raise RuntimeError("simulated crash mid-consult")
    
        agent = _make_agent_with_fixed_order(otter_yaml)
        telegram = MagicMock()
        telegram.push = AsyncMock()
        deps, logger_agent = _build_deps(
            db_url=tmp_db, otter_agent=agent,
            telegram=telegram, research_firm=object(),
        )
        app = _build_app(deps)
    
        client = TestClient(app)
        with patch(
            "trading_corp.agents.research.trade_confirmation_consult."
            "consult_research_for_trade_confirmation",
            boom,
        ):
&gt;           r = client.post(
                "/webhook/tradingview/lord-otter", json=_alert_payload(),
            )

tests\test_webhooks_return_fast.py:266: 
_ _ _ _ _ _ _ _ _ _ _ _ _ _ _ _ _ _ _ _ _ _ _ _ _ _ _ _ _ _ _ _ _ _ _ _ _ _ _ _
..\p2venv\Lib\site-packages\starlette\testclient.py:555: in post
    return super().post(
..\p2venv\Lib\site-packages\httpx2\_client.py:1209: in post
    return self.request(
..\p2venv\Lib\site-packages\starlette\testclient.py:454: in request
    return super().request(
..\p2venv\Lib\site-packages\httpx2\_client.py:803: in request
    return self.send(request, auth=auth, follow_redirects=follow_redirects)
           ^^^^^^^^^^^^^^^^^^^^^^^^^^^^^^^^^^^^^^^^^^^^^^^^^^^^^^^^^^^^^^^^
..\p2venv\Lib\site-packages\httpx2\_client.py:985: in send
    response = self._send_handling_auth(
..\p2venv\Lib\site-packages\httpx2\_client.py:1013: in _send_handling_auth
    response = self._send_handling_redirects(
..\p2venv\Lib\site-packages\httpx2\_client.py:1048: in _send_handling_redirects
    response = self._send_single_request(request)
               ^^^^^^^^^^^^^^^^^^^^^^^^^^^^^^^^^^
..\p2venv\Lib\site-packages\httpx2\_client.py:1081: in _send_single_request
    response = transport.handle_request(request)
               ^^^^^^^^^^^^^^^^^^^^^^^^^^^^^^^^^
..\p2venv\Lib\site-packages\starlette\testclient.py:356: in handle_request
    raise exc
..\p2venv\Lib\site-packages\starlette\testclient.py:353: in handle_request
    portal.call(self.app, scope, receive, send)
..\p2venv\Lib\site-packages\anyio\from_thread.py:338: in call
    return cast(T_Retval, self.start_task_soon(func, *args).result())
                          ^^^^^^^^^^^^^^^^^^^^^^^^^^^^^^^^^^^^^^^^^^
..\AppData\Roaming\uv\python\cpython-3.12-windows-x86_64-none\Lib\concurrent\futures\_base.py:456: in result
    return self.__get_result()
           ^^^^^^^^^^^^^^^^^^^
..\AppData\Roaming\uv\python\cpython-3.12-windows-x86_64-none\Lib\concurrent\futures\_base.py:401: in __get_result
    raise self._exception
..\p2venv\Lib\site-packages\anyio\from_thread.py:263: in _call_func
    retval = await retval_or_awaitable
             ^^^^^^^^^^^^^^^^^^^^^^^^^
..\p2venv\Lib\site-packages\fastapi\applications.py:1163: in __call__
    await super().__call__(scope, receive, send)
..\p2venv\Lib\site-packages\starlette\applications.py:90: in __call__
    await self.middleware_stack(scope, receive, send)
..\p2venv\Lib\site-packages\starlette\middleware\errors.py:186: in __call__
    raise exc
..\p2venv\Lib\site-packages\starlette\middleware\errors.py:164: in __call__
    await self.app(scope, receive, _send)
..\p2venv\Lib\site-packages\starlette\middleware\exceptions.py:63: in __call__
    await wrap_app_handling_exceptions(self.app, conn)(scope, receive, send)
..\p2venv\Lib\site-packages\starlette\_exception_handler.py:53: in wrapped_app
    raise exc
..\p2venv\Lib\site-packages\starlette\_exception_handler.py:42: in wrapped_app
    await app(scope, receive, sender)
..\p2venv\Lib\site-packages\fastapi\middleware\asyncexitstack.py:18: in __call__
    await self.app(scope, receive, send)
..\p2venv\Lib\site-packages\starlette\routing.py:660: in __call__
    await self.middleware_stack(scope, receive, send)
..\p2venv\Lib\site-packages\fastapi\routing.py:2734: in app
    await route.handle(scope, receive, send)
..\p2venv\Lib\site-packages\fastapi\routing.py:1281: in handle
    await super().handle(scope, receive, send)
..\p2venv\Lib\site-packages\starlette\routing.py:276: in handle
    await self.app(scope, receive, send)
..\p2venv\Lib\site-packages\fastapi\routing.py:158: in app
    await wrap_app_handling_exceptions(app, request)(scope, receive, send)
..\p2venv\Lib\site-packages\starlette\_exception_handler.py:53: in wrapped_app
    raise exc
..\p2venv\Lib\site-packages\starlette\_exception_handler.py:42: in wrapped_app
    await app(scope, receive, sender)
..\p2venv\Lib\site-packages\fastapi\routing.py:145: in app
    await response(scope, receive, send)
..\p2venv\Lib\site-packages\starlette\responses.py:170: in __call__
    await self.background()
..\p2venv\Lib\site-packages\starlette\background.py:36: in __call__
    await task()
..\p2venv\Lib\site-packages\starlette\background.py:21: in __call__
    await self.func(*self.args, **self.kwargs)
_ _ _ _ _ _ _ _ _ _ _ _ _ _ _ _ _ _ _ _ _ _ _ _ _ _ _ _ _ _ _ _ _ _ _ _ _ _ _ _

deps = &lt;tests.test_webhooks_return_fast._build_deps.&lt;locals&gt;._Deps object at 0x0000024BC89C9E20&gt;
agent = &lt;trading_corp.agents.strategies.lord_otter.LordOtterAgent object at 0x0000024BC892B2F0&gt;
payload = {'secret': 'ok', 'ticker': 'BTCUSD', 'signal': 'otter_buy', 'price': '65000.0', ...}
symbol = 'BTC/USD'

    async def _process_lord_otter_alert(
        *, deps: Any, agent: Any, payload: dict, symbol: str,
    ) -&gt; None:
        """Background processing of a Lord Otter TV alert.
    
        Runs after the webhook handler returned 200 to TradingView. Writes
        audit rows for every decision branch (alert_ignored, risk_rejected,
        would_have_placed, filled, execution_error). Telegram-notifies the
        Board on terminal states. On any unhandled exception, writes an
        `agent_error` audit row + Telegram-notifies, so silent crashes are
        impossible.
        """
        # ── BitUnix Phase 3 division agent (additive, never raises) ──────
        # Phase 3.0 (2026-05-10): bias-only observer.
        # Phase 3.1 (this): full ladder + ProposedOrder + paper-mode auto-execute
        # via observe_and_decide. Wraps in try/except so any failure here can't
        # disrupt the existing real-money path. Per memory
        # `trading_corp_bitunix_phase3_confluence_model`: no per-trade HITL
        # for bitunix_futures — risk caps are the gate, not approval.
&gt;       if deps.bitunix_observer is not None:
           ^^^^^^^^^^^^^^^^^^^^^
E       AttributeError: '_Deps' object has no attribute 'bitunix_observer'

trading_corp\web\webhooks.py:523: AttributeError</failure></testcase><testcase classname="tests.test_webhooks_return_fast" name="test_cypher_valid_alert_returns_accepted_body" time="0.545"><failure message="AttributeError: '_Deps' object has no attribute 'bitunix_observer'">tmp_path = WindowsPath('C:/Users/AA Incorporado/AppData/Local/Temp/pytest-of-AA Incorporado/pytest-1444/test_cypher_valid_alert_return0')
tmp_db = 'sqlite:///C:/Users/AA Incorporado/AppData/Local/Temp/pytest-of-AA Incorporado/pytest-1444/test_cypher_valid_alert_return0/test_trading_corp.db'
monkeypatch = &lt;_pytest.monkeypatch.MonkeyPatch object at 0x0000024BC88D5A90&gt;

    def test_cypher_valid_alert_returns_accepted_body(tmp_path, tmp_db, monkeypatch):
        """Mirror of test_otter_valid_alert_returns_accepted_body for the
        Cypher handler. Both webhooks must implement the return-fast contract
        or the timeout bug returns asymmetrically."""
        cypher_yaml = tmp_path / "strategies.yaml"
        cypher_yaml.write_text(
            """
    market_cypher:
      enabled: true
      auto_execute: false
      symbols: [BTC/USD]
      webhook_secret_env: TEST_CYPHER_SECRET
      division: coinbase_spot
    """.strip(),
            encoding="utf-8",
        )
        monkeypatch.setenv("TEST_CYPHER_SECRET", "ok")
        monkeypatch.setenv("MARKET_CYPHER_DISABLE_IP_CHECK", "1")
    
        from trading_corp.agents.strategies.market_cypher import MarketCypherAgent
        from trading_corp.data.macro_calendar import MacroCalendar
        agent = MarketCypherAgent(
            strategies_yaml=cypher_yaml,
            macro_calendar=MacroCalendar(path=cypher_yaml.parent / "no.yaml"),
            db_url=None,
        )
        agent.on_alert = lambda payload, *, account_equity=None, held_qty=None: (
            None, "test ignored",
        )
    
        init_db(tmp_db)
        logger_agent = LoggerAgent(tmp_db)
    
        class _Deps:
            pass
        deps = _Deps()
        deps.logger_agent = logger_agent
        deps.lord_otter_agent = None
        deps.market_cypher_agent = agent
        deps.data_exec = None
        deps.trend_agent = None
        deps.risk_agent = MagicMock()
        deps.research_firm = None
        deps.telegram_channel = None
    
        app = FastAPI()
        app.state.deps = deps
        webhooks.register(app)
    
        client = TestClient(app)
&gt;       r = client.post(
            "/webhook/tradingview/market-cypher",
            json={
                "secret": "ok", "ticker": "BTCUSD", "signal": "mc_a_red_diamond",
                "price": "65000", "time": datetime.now(timezone.utc).isoformat(),
                "interval": "240",
            },
        )

tests\test_webhooks_return_fast.py:343: 
_ _ _ _ _ _ _ _ _ _ _ _ _ _ _ _ _ _ _ _ _ _ _ _ _ _ _ _ _ _ _ _ _ _ _ _ _ _ _ _
..\p2venv\Lib\site-packages\starlette\testclient.py:555: in post
    return super().post(
..\p2venv\Lib\site-packages\httpx2\_client.py:1209: in post
    return self.request(
..\p2venv\Lib\site-packages\starlette\testclient.py:454: in request
    return super().request(
..\p2venv\Lib\site-packages\httpx2\_client.py:803: in request
    return self.send(request, auth=auth, follow_redirects=follow_redirects)
           ^^^^^^^^^^^^^^^^^^^^^^^^^^^^^^^^^^^^^^^^^^^^^^^^^^^^^^^^^^^^^^^^
..\p2venv\Lib\site-packages\httpx2\_client.py:985: in send
    response = self._send_handling_auth(
..\p2venv\Lib\site-packages\httpx2\_client.py:1013: in _send_handling_auth
    response = self._send_handling_redirects(
..\p2venv\Lib\site-packages\httpx2\_client.py:1048: in _send_handling_redirects
    response = self._send_single_request(request)
               ^^^^^^^^^^^^^^^^^^^^^^^^^^^^^^^^^^
..\p2venv\Lib\site-packages\httpx2\_client.py:1081: in _send_single_request
    response = transport.handle_request(request)
               ^^^^^^^^^^^^^^^^^^^^^^^^^^^^^^^^^
..\p2venv\Lib\site-packages\starlette\testclient.py:356: in handle_request
    raise exc
..\p2venv\Lib\site-packages\starlette\testclient.py:353: in handle_request
    portal.call(self.app, scope, receive, send)
..\p2venv\Lib\site-packages\anyio\from_thread.py:338: in call
    return cast(T_Retval, self.start_task_soon(func, *args).result())
                          ^^^^^^^^^^^^^^^^^^^^^^^^^^^^^^^^^^^^^^^^^^
..\AppData\Roaming\uv\python\cpython-3.12-windows-x86_64-none\Lib\concurrent\futures\_base.py:456: in result
    return self.__get_result()
           ^^^^^^^^^^^^^^^^^^^
..\AppData\Roaming\uv\python\cpython-3.12-windows-x86_64-none\Lib\concurrent\futures\_base.py:401: in __get_result
    raise self._exception
..\p2venv\Lib\site-packages\anyio\from_thread.py:263: in _call_func
    retval = await retval_or_awaitable
             ^^^^^^^^^^^^^^^^^^^^^^^^^
..\p2venv\Lib\site-packages\fastapi\applications.py:1163: in __call__
    await super().__call__(scope, receive, send)
..\p2venv\Lib\site-packages\starlette\applications.py:90: in __call__
    await self.middleware_stack(scope, receive, send)
..\p2venv\Lib\site-packages\starlette\middleware\errors.py:186: in __call__
    raise exc
..\p2venv\Lib\site-packages\starlette\middleware\errors.py:164: in __call__
    await self.app(scope, receive, _send)
..\p2venv\Lib\site-packages\starlette\middleware\exceptions.py:63: in __call__
    await wrap_app_handling_exceptions(self.app, conn)(scope, receive, send)
..\p2venv\Lib\site-packages\starlette\_exception_handler.py:53: in wrapped_app
    raise exc
..\p2venv\Lib\site-packages\starlette\_exception_handler.py:42: in wrapped_app
    await app(scope, receive, sender)
..\p2venv\Lib\site-packages\fastapi\middleware\asyncexitstack.py:18: in __call__
    await self.app(scope, receive, send)
..\p2venv\Lib\site-packages\starlette\routing.py:660: in __call__
    await self.middleware_stack(scope, receive, send)
..\p2venv\Lib\site-packages\fastapi\routing.py:2734: in app
    await route.handle(scope, receive, send)
..\p2venv\Lib\site-packages\fastapi\routing.py:1281: in handle
    await super().handle(scope, receive, send)
..\p2venv\Lib\site-packages\starlette\routing.py:276: in handle
    await self.app(scope, receive, send)
..\p2venv\Lib\site-packages\fastapi\routing.py:158: in app
    await wrap_app_handling_exceptions(app, request)(scope, receive, send)
..\p2venv\Lib\site-packages\starlette\_exception_handler.py:53: in wrapped_app
    raise exc
..\p2venv\Lib\site-packages\starlette\_exception_handler.py:42: in wrapped_app
    await app(scope, receive, sender)
..\p2venv\Lib\site-packages\fastapi\routing.py:145: in app
    await response(scope, receive, send)
..\p2venv\Lib\site-packages\starlette\responses.py:170: in __call__
    await self.background()
..\p2venv\Lib\site-packages\starlette\background.py:36: in __call__
    await task()
..\p2venv\Lib\site-packages\starlette\background.py:21: in __call__
    await self.func(*self.args, **self.kwargs)
_ _ _ _ _ _ _ _ _ _ _ _ _ _ _ _ _ _ _ _ _ _ _ _ _ _ _ _ _ _ _ _ _ _ _ _ _ _ _ _

deps = &lt;tests.test_webhooks_return_fast.test_cypher_valid_alert_returns_accepted_body.&lt;locals&gt;._Deps object at 0x0000024BC88D52B0&gt;
agent = &lt;trading_corp.agents.strategies.market_cypher.MarketCypherAgent object at 0x0000024BC88D76E0&gt;
payload = {'secret': 'ok', 'ticker': 'BTCUSD', 'signal': 'mc_a_red_diamond', 'price': '65000', ...}
symbol = 'BTC/USD'

    async def _process_market_cypher_alert(
        *, deps: Any, agent: Any, payload: dict, symbol: str,
    ) -&gt; None:
        """Background processing of a Market Cypher TV alert.
    
        Architectural twin of `_process_lord_otter_alert` — see that function's
        docstring for the rationale. Differences are strategy-specific
        audit-row tags ('market_cypher' vs 'lord_otter') and Telegram-notify
        formatters; the orchestration is identical.
        """
        # ── BitUnix Phase 3 division agent (additive, never raises) ──────
&gt;       if deps.bitunix_observer is not None:
           ^^^^^^^^^^^^^^^^^^^^^
E       AttributeError: '_Deps' object has no attribute 'bitunix_observer'

trading_corp\web\webhooks.py:785: AttributeError</failure></testcase><testcase classname="tests.test_yfinance_provider" name="test_hv_to_rank_high_when_current_vol_is_max" time="0.057" /><testcase classname="tests.test_yfinance_provider" name="test_hv_to_rank_low_when_current_vol_is_min" time="0.001" /><testcase classname="tests.test_yfinance_provider" name="test_hv_to_rank_returns_none_on_insufficient_history" time="0.000" /><testcase classname="tests.test_yfinance_provider" name="test_hv_to_rank_returns_none_on_flat_series" time="0.001" /><testcase classname="tests.test_yfinance_provider" name="test_get_iv_rank_high" time="0.005" /><testcase classname="tests.test_yfinance_provider" name="test_get_iv_rank_low" time="0.024" /><testcase classname="tests.test_yfinance_provider" name="test_get_iv_rank_returns_none_on_insufficient_history" time="0.032" /><testcase classname="tests.test_yfinance_provider" name="test_get_iv_rank_returns_none_on_flat_series" time="0.137" /><testcase classname="tests.test_yfinance_provider" name="test_get_iv_rank_returns_none_on_exception" time="0.003" /><testcase classname="tests.test_yfinance_provider" name="test_get_atm_iv_returns_none_for_degenerate_1e5_iv" time="0.004" /><testcase classname="tests.test_yfinance_provider" name="test_get_atm_iv_returns_none_for_zero_iv" time="0.003" /><testcase classname="tests.test_yfinance_provider" name="test_get_atm_iv_returns_value_for_plausible_iv" time="0.004" /><testcase classname="tests.test_yfinance_provider" name="test_get_atm_iv_returns_none_when_no_qualifying_expiration" time="0.003" /><testcase classname="tests.test_yfinance_provider" name="test_get_atm_iv_returns_none_on_empty_chain" time="0.003" /><testcase classname="tests.test_yfinance_provider" name="test_get_atm_iv_returns_none_on_nan_iv" time="0.004" /><testcase classname="tests.test_yfinance_provider" name="test_get_atm_iv_returns_none_on_exception" time="0.003" /><testcase classname="tests.test_yfinance_provider" name="test_get_atm_iv_picks_closest_expiration" time="0.007" /></testsuite></testsuites>